This is pdfTeX, Version 3.141592653-2.6-1.40.22 (MiKTeX 21.6) (preloaded format=pdflatex 2021.8.13)  28 SEP 2021 18:12
entering extended mode
**"./Versuch 41_tex.tex"
(Versuch 41_tex.tex
LaTeX2e <2021-06-01>
L3 programming layer <2021-06-01>
(C:\Users\selin\AppData\Local\Programs\MiKTeX\tex/latex/koma-script\scrartcl.cl
s
Document Class: scrartcl 2021/06/25 v3.34 KOMA-Script document class (article)

(C:\Users\selin\AppData\Local\Programs\MiKTeX\tex/latex/koma-script\scrkbase.st
y
Package: scrkbase 2021/06/25 v3.34 KOMA-Script package (KOMA-Script-dependent b
asics and keyval usage)

(C:\Users\selin\AppData\Local\Programs\MiKTeX\tex/latex/koma-script\scrbase.sty
Package: scrbase 2021/06/25 v3.34 KOMA-Script package (KOMA-Script-independent 
basics and keyval usage)

(C:\Users\selin\AppData\Local\Programs\MiKTeX\tex/latex/koma-script\scrlfile.st
y
Package: scrlfile 2021/06/25 v3.34 KOMA-Script package (file load hooks)

(C:\Users\selin\AppData\Local\Programs\MiKTeX\tex/latex/koma-script\scrlfile-ho
ok.sty
Package: scrlfile-hook 2021/06/25 v3.34 KOMA-Script package (using LaTeX hooks)


(C:\Users\selin\AppData\Local\Programs\MiKTeX\tex/latex/koma-script\scrlogo.sty
Package: scrlogo 2021/06/25 v3.34 KOMA-Script package (logo)
))) (C:\Users\selin\AppData\Local\Programs\MiKTeX\tex/latex/graphics\keyval.sty
Package: keyval 2014/10/28 v1.15 key=value parser (DPC)
\KV@toks@=\toks16
)
Applying: [2021/05/01] Usage of raw or classic option list on input line 252.
Already applied: [0000/00/00] Usage of raw or classic option list on input line
 368.
))
(C:\Users\selin\AppData\Local\Programs\MiKTeX\tex/latex/koma-script\tocbasic.st
y
Package: tocbasic 2021/06/25 v3.34 KOMA-Script package (handling toc-files)
\scr@dte@tocline@numberwidth=\skip47
\scr@dte@tocline@numbox=\box50
)
Package tocbasic Info: babel extension for `toc' omitted
(tocbasic)             because of missing \bbl@set@language on input line 135.
Package scrartcl Info: You've used standard option `10pt'.
(scrartcl)             This is correct!
(scrartcl)             Internally I'm using `fontsize=10pt'.
(scrartcl)             If you'd like to set the option with \KOMAoptions,
(scrartcl)             you'd have to use `fontsize=10pt' there
(scrartcl)             instead of `10pt', too.
Class scrartcl Info: File `scrsize10pt.clo' used to setup font sizes on input l
ine 2241.

(C:\Users\selin\AppData\Local\Programs\MiKTeX\tex/latex/koma-script\scrsize10pt
.clo
File: scrsize10pt.clo 2021/06/25 v3.34 KOMA-Script font size class option (10pt
)
)
(C:\Users\selin\AppData\Local\Programs\MiKTeX\tex/latex/koma-script\typearea.st
y
Package: typearea 2021/06/25 v3.34 KOMA-Script package (type area)
\ta@bcor=\skip48
\ta@div=\count182
Package typearea Info: You've used standard option `a4paper'.
(typearea)             This is correct!
(typearea)             Internally I'm using `paper=a4'.
(typearea)             If you'd like to set the option with \KOMAoptions,
(typearea)             you'd have to use `paper=a4' there
(typearea)             instead of `a4paper', too.
\ta@hblk=\skip49
\ta@vblk=\skip50
\ta@temp=\skip51
\footheight=\skip52
Package typearea Info: Maybe no optimal type area settings!
(typearea)             The detected line width is about 41%
(typearea)             smaller than the heuristically estimated maximum
(typearea)             limit of typographical good line width.
(typearea)             You could e.g. increase DIV
(typearea)             or change the papersize.
Package typearea Info: These are the values describing the layout:
(typearea)             DIV  = 8
(typearea)             BCOR = 0.0pt
(typearea)             \paperwidth      = 597.50793pt
(typearea)              \textwidth      = 373.44246pt
(typearea)              DIV departure   = 41%
(typearea)              \evensidemargin = 39.76274pt
(typearea)              \oddsidemargin  = 39.76274pt
(typearea)             \paperheight     = 845.04694pt
(typearea)              \textheight     = 538.0pt
(typearea)              \topmargin      = 0.36087pt
(typearea)              \headheight     = 15.0pt
(typearea)              \headsep        = 18.0pt
(typearea)              \topskip        = 10.0pt
(typearea)              \footskip       = 42.0pt
(typearea)              \baselineskip   = 12.0pt
(typearea)              on input line 1742.
)
\c@part=\count183
\c@section=\count184
\c@subsection=\count185
\c@subsubsection=\count186
\c@paragraph=\count187
\c@subparagraph=\count188
\scr@dte@section@maxnumwidth=\skip53
Class scrartcl Info: using compatibility default `runin=bysign'
(scrartcl)           for `\section on input line 4851.
Class scrartcl Info: using compatibility default `afterindent=bysign'
(scrartcl)           for `\section on input line 4851.
\scr@dte@part@maxnumwidth=\skip54
Class scrartcl Info: using compatibility default `afterindent=false'
(scrartcl)           for `\part on input line 4859.
\scr@dte@subsection@maxnumwidth=\skip55
Class scrartcl Info: using compatibility default `runin=bysign'
(scrartcl)           for `\subsection on input line 4869.
Class scrartcl Info: using compatibility default `afterindent=bysign'
(scrartcl)           for `\subsection on input line 4869.
\scr@dte@subsubsection@maxnumwidth=\skip56
Class scrartcl Info: using compatibility default `runin=bysign'
(scrartcl)           for `\subsubsection on input line 4879.
Class scrartcl Info: using compatibility default `afterindent=bysign'
(scrartcl)           for `\subsubsection on input line 4879.
\scr@dte@paragraph@maxnumwidth=\skip57
Class scrartcl Info: using compatibility default `runin=bysign'
(scrartcl)           for `\paragraph on input line 4890.
Class scrartcl Info: using compatibility default `afterindent=bysign'
(scrartcl)           for `\paragraph on input line 4890.
\scr@dte@subparagraph@maxnumwidth=\skip58
Class scrartcl Info: using compatibility default `runin=bysign'
(scrartcl)           for `\subparagraph on input line 4900.
Class scrartcl Info: using compatibility default `afterindent=bysign'
(scrartcl)           for `\subparagraph on input line 4900.
\abovecaptionskip=\skip59
\belowcaptionskip=\skip60
\c@pti@nb@sid@b@x=\box51
Package tocbasic Info: babel extension for `lof' omitted
(tocbasic)             because of missing \bbl@set@language on input line 6075.

\scr@dte@figure@maxnumwidth=\skip61
\c@figure=\count189
Package tocbasic Info: babel extension for `lot' omitted
(tocbasic)             because of missing \bbl@set@language on input line 6087.

\scr@dte@table@maxnumwidth=\skip62
\c@table=\count190
Class scrartcl Info: Redefining `\numberline' on input line 6251.
\bibindent=\dimen138
) (C:\Users\selin\AppData\Local\Programs\MiKTeX\tex/generic/german\german.sty v
2.5e 1998-07-08
Package: german 1998/07/08 v2.5e Support for writing german texts (br)
\grmnU@D=\dimen139
german -- \language number for Austrian undefined, default 26 used.
)
(C:\Users\selin\AppData\Local\Programs\MiKTeX\tex/latex/base\inputenc.sty
Package: inputenc 2021/02/14 v1.3d Input encoding file
\inpenc@prehook=\toks17
\inpenc@posthook=\toks18

(C:\Users\selin\AppData\Local\Programs\MiKTeX\tex/latex/base\latin1.def
File: latin1.def 2021/02/14 v1.3d Input encoding file
))
(C:\Users\selin\AppData\Local\Programs\MiKTeX\tex/latex/amsmath\amsmath.sty
Package: amsmath 2021/04/20 v2.17j AMS math features
\@mathmargin=\skip63

For additional information on amsmath, use the `?' option.
(C:\Users\selin\AppData\Local\Programs\MiKTeX\tex/latex/amsmath\amstext.sty
Package: amstext 2000/06/29 v2.01 AMS text

(C:\Users\selin\AppData\Local\Programs\MiKTeX\tex/latex/amsmath\amsgen.sty
File: amsgen.sty 1999/11/30 v2.0 generic functions
\@emptytoks=\toks19
\ex@=\dimen140
))
(C:\Users\selin\AppData\Local\Programs\MiKTeX\tex/latex/amsmath\amsbsy.sty
Package: amsbsy 1999/11/29 v1.2d Bold Symbols
\pmbraise@=\dimen141
)
(C:\Users\selin\AppData\Local\Programs\MiKTeX\tex/latex/amsmath\amsopn.sty
Package: amsopn 2016/03/08 v2.02 operator names
)
\inf@bad=\count191
LaTeX Info: Redefining \frac on input line 234.
\uproot@=\count192
\leftroot@=\count193
LaTeX Info: Redefining \overline on input line 399.
\classnum@=\count194
\DOTSCASE@=\count195
LaTeX Info: Redefining \ldots on input line 496.
LaTeX Info: Redefining \dots on input line 499.
LaTeX Info: Redefining \cdots on input line 620.
\Mathstrutbox@=\box52
\strutbox@=\box53
\big@size=\dimen142
LaTeX Font Info:    Redeclaring font encoding OML on input line 743.
LaTeX Font Info:    Redeclaring font encoding OMS on input line 744.
\macc@depth=\count196
\c@MaxMatrixCols=\count197
\dotsspace@=\muskip16
\c@parentequation=\count198
\dspbrk@lvl=\count199
\tag@help=\toks20
\row@=\count266
\column@=\count267
\maxfields@=\count268
\andhelp@=\toks21
\eqnshift@=\dimen143
\alignsep@=\dimen144
\tagshift@=\dimen145
\tagwidth@=\dimen146
\totwidth@=\dimen147
\lineht@=\dimen148
\@envbody=\toks22
\multlinegap=\skip64
\multlinetaggap=\skip65
\mathdisplay@stack=\toks23
LaTeX Info: Redefining \[ on input line 2923.
LaTeX Info: Redefining \] on input line 2924.
)
(C:\Users\selin\AppData\Local\Programs\MiKTeX\tex/latex/amsfonts\amsfonts.sty
Package: amsfonts 2013/01/14 v3.01 Basic AMSFonts support
\symAMSa=\mathgroup4
\symAMSb=\mathgroup5
LaTeX Font Info:    Redeclaring math symbol \hbar on input line 98.
LaTeX Font Info:    Overwriting math alphabet `\mathfrak' in version `bold'
(Font)                  U/euf/m/n --> U/euf/b/n on input line 106.
)
(C:\Users\selin\AppData\Local\Programs\MiKTeX\tex/latex/amsfonts\amssymb.sty
Package: amssymb 2013/01/14 v3.01 AMS font symbols
)
(C:\Users\selin\AppData\Local\Programs\MiKTeX\tex/latex/graphics\graphicx.sty
Package: graphicx 2020/12/05 v1.2c Enhanced LaTeX Graphics (DPC,SPQR)

(C:\Users\selin\AppData\Local\Programs\MiKTeX\tex/latex/graphics\graphics.sty
Package: graphics 2021/03/04 v1.4d Standard LaTeX Graphics (DPC,SPQR)

(C:\Users\selin\AppData\Local\Programs\MiKTeX\tex/latex/graphics\trig.sty
Package: trig 2016/01/03 v1.10 sin cos tan (DPC)
)
(C:\Users\selin\AppData\Local\Programs\MiKTeX\tex/latex/graphics-cfg\graphics.c
fg
File: graphics.cfg 2016/06/04 v1.11 sample graphics configuration
)
Package graphics Info: Driver file: pdftex.def on input line 107.

(C:\Users\selin\AppData\Local\Programs\MiKTeX\tex/latex/graphics-def\pdftex.def
File: pdftex.def 2020/10/05 v1.2a Graphics/color driver for pdftex
))
\Gin@req@height=\dimen149
\Gin@req@width=\dimen150
) (C:\Users\selin\AppData\Local\Programs\MiKTeX\tex/latex/base\fontenc.sty
Package: fontenc 2021/04/29 v2.0v Standard LaTeX package
)
(C:\Users\selin\AppData\Local\Programs\MiKTeX\tex/latex/ae\ae.sty
Package: ae 2001/02/12 1.3 Almost European Computer Modern

(C:\Users\selin\AppData\Local\Programs\MiKTeX\tex/latex/base\fontenc.sty
Package: fontenc 2021/04/29 v2.0v Standard LaTeX package
))
(C:\Users\selin\AppData\Local\Programs\MiKTeX\tex/latex/koma-script\scrlayer-sc
rpage.sty
Package: scrlayer-scrpage 2021/06/25 v3.34 KOMA-Script package (end user interf
ace for scrlayer)

(C:\Users\selin\AppData\Local\Programs\MiKTeX\tex/latex/koma-script\scrlayer.st
y
Package: scrlayer 2021/06/25 v3.34 KOMA-Script package (defining layers and pag
e styles)
Package scrlayer Info: Using already defined \footheight
(scrlayer)             hoping, that this is a length and
(scrlayer)             not only a macro on input line 136.
Package scrlayer Info: patching LaTeX kernel macro \pagestyle on input line 216
2.
)
Package scrlayer-scrpage Info: Makeing stand-alone element `pagehead' from
(scrlayer-scrpage)             alias to `pageheadfoot' on input line 1085.
Package scrlayer-scrpage Info: deactivating warning for font element
(scrlayer-scrpage)             `pagefoot' on input line 1109.
)
Package scrlayer-scrpage Info: auto-selection of `pagestyleset=KOMA-Script'.

(C:\Users\selin\AppData\Local\Programs\MiKTeX\tex/latex/lastpage\lastpage.sty
Package: lastpage 2015/03/29 v1.2m Refers to last page's name (HMM; JPG)
)
(C:\Users\selin\AppData\Local\Programs\MiKTeX\tex/latex/caption\caption.sty
Package: caption 2020/10/26 v3.5g Customizing captions (AR)

(C:\Users\selin\AppData\Local\Programs\MiKTeX\tex/latex/caption\caption3.sty
Package: caption3 2020/10/21 v2.2e caption3 kernel (AR)
\captionmargin=\dimen151
\captionmargin@=\dimen152
\captionwidth=\dimen153
\caption@tempdima=\dimen154
\caption@indent=\dimen155
\caption@parindent=\dimen156
\caption@hangindent=\dimen157
Package caption Info: KOMA-Script document class detected.

(C:\Users\selin\AppData\Local\Programs\MiKTeX\tex/latex/caption\caption-koma.st
o
File: caption-koma.sto 2020/09/21 v2.0b Adaption of the caption package to the 
KOMA-Script document classes (AR)
))
\c@caption@flags=\count269
\c@continuedfloat=\count270
)
(C:\Users\selin\AppData\Local\Programs\MiKTeX\tex/latex/floatrow\floatrow.sty
Package: floatrow 2008/08/02 v0.3b floatrow: float package extension
\c@float@type=\count271
\float@exts=\toks24
\float@box=\box54
\@floatcapt=\box55
Package floatrow Info: Modified float package code loaded on input line 455.
Package floatrow Info: Modified rotfloat package code loaded on input line 473.

\FR@everyfloat=\toks25
\flrow@foot=\insert252
\FB@wd=\dimen158
\FBo@wd=\dimen159
\FBc@wd=\dimen160
\FBo@ht=\skip66
\FBc@ht=\skip67
\FBf@ht=\skip68
\FBo@max=\skip69
\FBc@max=\skip70
\FBf@max=\skip71
\c@FBl@b=\count272
\floatbox@depth=\count273
\c@FRobj=\count274
\c@FRsobj=\count275
\Xhsize=\skip72
\sXhsize=\skip73
\Zhsize=\skip74
\sZhsize=\skip75
\flrow@rowbox=\box56
\FR@Zunitlength=\dimen161
\c@FBcnt=\count276
\FPOScnt=\count277
\LTleft=\skip76
\LTright=\skip77
\LTleft=\skip78
\LTright=\skip79
\flrow@types=\toks26
)
(C:\Users\selin\AppData\Local\Programs\MiKTeX\tex/latex/subfig\subfig.sty
Package: subfig 2005/06/28 ver: 1.3 subfig package
\c@KVtest=\count278
\sf@farskip=\skip80
\sf@captopadj=\dimen162
\sf@capskip=\skip81
\sf@nearskip=\skip82
\c@subfigure=\count279
\c@subfigure@save=\count280
\c@lofdepth=\count281
\c@subtable=\count282
\c@subtable@save=\count283
\c@lotdepth=\count284
\sf@top=\skip83
\sf@bottom=\skip84
)
(C:\Users\selin\AppData\Local\Programs\MiKTeX\tex/latex/tools\array.sty
Package: array 2021/04/20 v2.5e Tabular extension package (FMi)
\col@sep=\dimen163
\ar@mcellbox=\box57
\extrarowheight=\dimen164
\NC@list=\toks27
\extratabsurround=\skip85
\backup@length=\skip86
\ar@cellbox=\box58
)
(C:\Users\selin\AppData\Local\Programs\MiKTeX\tex/latex/was\upgreek.sty
Package: upgreek 2003/02/12 v2.0 (WaS)
Package upgreek Info: Using Euler Roman for upright Greek on input line 31.
\symugrf@m=\mathgroup6
LaTeX Font Info:    Overwriting symbol font `ugrf@m' in version `bold'
(Font)                  U/eur/m/n --> U/eur/b/n on input line 38.
)
LaTeX Font Info:    Trying to load font information for T1+aer on input line 23
.

(C:\Users\selin\AppData\Local\Programs\MiKTeX\tex/latex/ae\t1aer.fd
File: t1aer.fd 1997/11/16 Font definitions for T1/aer.
)
Package typearea Info: Maybe no optimal type area settings!
(typearea)             The detected line width is about 26%
(typearea)             smaller than the heuristically estimated maximum
(typearea)             limit of typographical good line width.
(typearea)             You could e.g. increase DIV
(typearea)             or change the papersize.
Package typearea Info: These are the values describing the layout:
(typearea)             DIV  = 16
(typearea)             BCOR = 0.0pt
(typearea)             \paperwidth      = 597.50793pt
(typearea)              \textwidth      = 485.47522pt
(typearea)              DIV departure   = 26%
(typearea)              \evensidemargin = -16.25363pt
(typearea)              \oddsidemargin  = -16.25363pt
(typearea)             \paperheight     = 845.04694pt
(typearea)              \textheight     = 694.0pt
(typearea)              \topmargin      = -52.45456pt
(typearea)              \headheight     = 15.0pt
(typearea)              \headsep        = 18.0pt
(typearea)              \topskip        = 10.0pt
(typearea)              \footskip       = 42.0pt
(typearea)              \baselineskip   = 12.0pt
(typearea)              on input line 23.

(C:\Users\selin\AppData\Local\Programs\MiKTeX\tex/latex/l3backend\l3backend-pdf
tex.def
File: l3backend-pdftex.def 2021-05-07 L3 backend support: PDF output (pdfTeX)
\l__color_backend_stack_int=\count285
\l__pdf_internal_box=\box59
) (Versuch 41_tex.aux)
\openout1 = `"Versuch 41_tex.aux"'.

LaTeX Font Info:    Checking defaults for OML/cmm/m/it on input line 28.
LaTeX Font Info:    ... okay on input line 28.
LaTeX Font Info:    Checking defaults for OMS/cmsy/m/n on input line 28.
LaTeX Font Info:    ... okay on input line 28.
LaTeX Font Info:    Checking defaults for OT1/cmr/m/n on input line 28.
LaTeX Font Info:    ... okay on input line 28.
LaTeX Font Info:    Checking defaults for T1/cmr/m/n on input line 28.
LaTeX Font Info:    ... okay on input line 28.
LaTeX Font Info:    Checking defaults for TS1/cmr/m/n on input line 28.
LaTeX Font Info:    ... okay on input line 28.
LaTeX Font Info:    Checking defaults for OMX/cmex/m/n on input line 28.
LaTeX Font Info:    ... okay on input line 28.
LaTeX Font Info:    Checking defaults for U/cmr/m/n on input line 28.
LaTeX Font Info:    ... okay on input line 28.

(C:\Users\selin\AppData\Local\Programs\MiKTeX\tex/context/base/mkii\supp-pdf.mk
ii
[Loading MPS to PDF converter (version 2006.09.02).]
\scratchcounter=\count286
\scratchdimen=\dimen165
\scratchbox=\box60
\nofMPsegments=\count287
\nofMParguments=\count288
\everyMPshowfont=\toks28
\MPscratchCnt=\count289
\MPscratchDim=\dimen166
\MPnumerator=\count290
\makeMPintoPDFobject=\count291
\everyMPtoPDFconversion=\toks29
)
(C:\Users\selin\AppData\Local\Programs\MiKTeX\tex/latex/epstopdf-pkg\epstopdf-b
ase.sty
Package: epstopdf-base 2020-01-24 v2.11 Base part for package epstopdf
Package epstopdf-base Info: Redefining graphics rule for `.eps' on input line 4
85.

(C:\Users\selin\AppData\Local\Programs\MiKTeX\tex/latex/00miktex\epstopdf-sys.c
fg
File: epstopdf-sys.cfg 2021/03/18 v2.0 Configuration of epstopdf for MiKTeX
))
Package lastpage Info: Please have a look at the pageslts package at
(lastpage)             https://www.ctan.org/pkg/pageslts
(lastpage)             ! on input line 28.
Package caption Info: Begin \AtBeginDocument code.
Package caption Info: subfig package v1.3 is loaded.
Package caption Info: float package is loaded.
Package caption Info: floatrow package is loaded.
Package caption Info: End \AtBeginDocument code.
 (C:\Users\selin\AppData\Local\Programs\MiKTeX\tex/latex/graphics\color.sty
Package: color 2020/02/24 v1.2b Standard LaTeX Color (DPC)
(C:\Users\selin\AppData\Local\Programs\MiKTeX\tex/latex/graphics-cfg\color.cfg
File: color.cfg 2016/01/02 v1.6 sample color configuration
)
Package color Info: Driver file: pdftex.def on input line 149.
)
(C:\Users\selin\AppData\Local\Programs\MiKTeX\tex/latex/floatrow\fr-subfig.sty
Package: fr-subfig 2007/12/24 v0.1g (beta) floatrow: additions for subfig
\FBsc@max=\skip87
\FBso@max=\skip88
)
LaTeX Font Info:    Trying to load font information for U+msa on input line 53.

(C:\Users\selin\AppData\Local\Programs\MiKTeX\tex/latex/amsfonts\umsa.fd
File: umsa.fd 2013/01/14 v3.01 AMS symbols A
)
LaTeX Font Info:    Trying to load font information for U+msb on input line 53.


(C:\Users\selin\AppData\Local\Programs\MiKTeX\tex/latex/amsfonts\umsb.fd
File: umsb.fd 2013/01/14 v3.01 AMS symbols B
)
LaTeX Font Info:    Trying to load font information for T1+aess on input line 5
3.

(C:\Users\selin\AppData\Local\Programs\MiKTeX\tex/latex/ae\t1aess.fd
File: t1aess.fd 1997/11/16 Font definitions for T1/aess.
)
LaTeX Font Info:    Font shape `T1/aess/b/n' in size <10> not available
(Font)              Font shape `T1/aess/bx/n' tried instead on input line 53.
LaTeX Font Info:    Font shape `T1/aess/b/n' in size <20.74> not available
(Font)              Font shape `T1/aess/bx/n' tried instead on input line 53.

Underfull \hbox (badness 10000) in paragraph at lines 53--53

 []


Underfull \hbox (badness 10000) in paragraph at lines 53--53

 []


Underfull \hbox (badness 10000) in paragraph at lines 53--53

 []


Underfull \hbox (badness 10000) in paragraph at lines 53--53

 []

LaTeX Font Info:    Font shape `T1/aess/b/n' in size <14.4> not available
(Font)              Font shape `T1/aess/bx/n' tried instead on input line 54.
<Versuchsaufbau 3-1.png, id=1, 803.4015pt x 370.38374pt>
File: Versuchsaufbau 3-1.png Graphic file (type png)
<use Versuchsaufbau 3-1.png>
Package pdftex.def Info: Versuchsaufbau 3-1.png  used on input line 66.
(pdftex.def)             Requested size: 213.96239pt x 98.63725pt.

Underfull \hbox (badness 2512) in paragraph at lines 67--67
[][]|\T1/aer/m/n/9 Ver-suchsauf-bau 1: Der Funk-ti-ons-ge-ne-ra-tor
 []

[1

{C:/Users/selin/AppData/Local/MiKTeX/pdftex/config/pdftex.map}



]
<F0006TEK.jpg, id=19, 256.96pt x 192.72pt>
File: F0006TEK.jpg Graphic file (type jpg)
<use F0006TEK.jpg>
Package pdftex.def Info: F0006TEK.jpg  used on input line 76.
(pdftex.def)             Requested size: 213.96239pt x 160.4751pt.
<F0007TEK.jpg, id=20, 256.96pt x 192.72pt>
File: F0007TEK.jpg Graphic file (type jpg)
<use F0007TEK.jpg>
Package pdftex.def Info: F0007TEK.jpg  used on input line 85.
(pdftex.def)             Requested size: 213.96239pt x 160.4751pt.
<F0008TEK.jpg, id=21, 256.96pt x 192.72pt>
File: F0008TEK.jpg Graphic file (type jpg)
<use F0008TEK.jpg>
Package pdftex.def Info: F0008TEK.jpg  used on input line 86.
(pdftex.def)             Requested size: 213.96239pt x 160.4751pt.
<F0009TEK.jpg, id=22, 256.96pt x 192.72pt>
File: F0009TEK.jpg Graphic file (type jpg)
<use F0009TEK.jpg>
Package pdftex.def Info: F0009TEK.jpg  used on input line 87.
(pdftex.def)             Requested size: 213.96239pt x 160.4751pt.
<F0010TEK.jpg, id=23, 256.96pt x 192.72pt>
File: F0010TEK.jpg Graphic file (type jpg)
<use F0010TEK.jpg>
Package pdftex.def Info: F0010TEK.jpg  used on input line 88.
(pdftex.def)             Requested size: 213.96239pt x 160.4751pt.

Underfull \hbox (badness 7888) in paragraph at lines 90--90
[][]|\T1/aer/m/n/9 Be-ob-ach-tung des Re-fle-xi-ons-ver-hal-ten an-
 []


LaTeX Warning: Float too large for page by 25.90039pt on input line 93.

<Versuchsaufbau 3-2.png, id=24, 589.0005pt x 347.49825pt>
File: Versuchsaufbau 3-2.png Graphic file (type png)
<use Versuchsaufbau 3-2.png>
Package pdftex.def Info: Versuchsaufbau 3-2.png  used on input line 109.
(pdftex.def)             Requested size: 213.96239pt x 126.23398pt.
<F0011TEK.png, id=25, 256.96pt x 200.75pt>
File: F0011TEK.png Graphic file (type png)
<use F0011TEK.png>
Package pdftex.def Info: F0011TEK.png  used on input line 116.
(pdftex.def)             Requested size: 213.96239pt x 167.16156pt.
<F0012TEK.png, id=26, 256.96pt x 200.75pt>
File: F0012TEK.png Graphic file (type png)
<use F0012TEK.png>
Package pdftex.def Info: F0012TEK.png  used on input line 117.
(pdftex.def)             Requested size: 213.96239pt x 167.16156pt.
<F0014TEK.png, id=27, 256.96pt x 200.75pt>
File: F0014TEK.png Graphic file (type png)
<use F0014TEK.png>
Package pdftex.def Info: F0014TEK.png  used on input line 118.
(pdftex.def)             Requested size: 213.96239pt x 167.16156pt.

Underfull \hbox (badness 10000) in paragraph at lines 105--132

 []


Underfull \hbox (badness 1406) in paragraph at lines 105--132
\T1/aer/m/n/10 Die in Ab-bil-dung 5[] ge-zeig-ten Mes-sun-gen wur-den
 []


Underfull \hbox (badness 6995) in paragraph at lines 105--132
\T1/aer/m/n/10 Innerhalb der Ver-suchs-durch-füh-rung wur-de je-de
 []


Underfull \hbox (badness 4001) in paragraph at lines 105--132
\T1/aer/m/n/10 5[](b) dar-ge-stellt. Am ge-ne-ra-tor-sei-ti-gen En-de des
 []


Underfull \hbox (badness 2073) in paragraph at lines 105--132
\T1/aer/m/n/10 an-ge-pas-sten Ab-schlusswi-der-stand am Ka-bel-an-fang,
 []


Underfull \hbox (badness 2922) in paragraph at lines 105--132
\T1/aer/m/n/10 der ab-ge-stimm-te Wi-der-stand einen ver-schwin-den-
 []


Underfull \hbox (badness 2744) in paragraph at lines 105--132
\T1/aer/m/n/10 Schwin-gung be-ob-ach-tet wer-den, dies liegt dar-an,
 []


Underfull \hbox (badness 1062) in paragraph at lines 105--132
\T1/aer/m/n/10 dass durch die In-duk-ti-vi-tät des Ko-axi-al-ka-bels ein
 []

[2 <./Versuchsaufbau 3-1.png> <./F0006TEK.jpg>] [3 <./F0007TEK.jpg> <./F0008TEK
.jpg> <./F0009TEK.jpg> <./F0010TEK.jpg> <./Versuchsaufbau 3-2.png>] [4 <./F0011
TEK.png> <./F0012TEK.png> <./F0014TEK.png>]
<F0020TEK.jpg, id=41, 256.96pt x 192.72pt>
File: F0020TEK.jpg Graphic file (type jpg)
<use F0020TEK.jpg>
Package pdftex.def Info: F0020TEK.jpg  used on input line 155.
(pdftex.def)             Requested size: 213.96239pt x 160.4751pt.
<F0023TEK.jpg, id=42, 256.96pt x 192.72pt>
File: F0023TEK.jpg Graphic file (type jpg)
<use F0023TEK.jpg>
Package pdftex.def Info: F0023TEK.jpg  used on input line 156.
(pdftex.def)             Requested size: 213.96239pt x 160.4751pt.
<F0021TEK.jpg, id=43, 256.96pt x 192.72pt>
File: F0021TEK.jpg Graphic file (type jpg)
<use F0021TEK.jpg>
Package pdftex.def Info: F0021TEK.jpg  used on input line 166.
(pdftex.def)             Requested size: 213.96239pt x 160.4751pt.
<F0022TEK.jpg, id=44, 256.96pt x 192.72pt>
File: F0022TEK.jpg Graphic file (type jpg)
<use F0022TEK.jpg>
Package pdftex.def Info: F0022TEK.jpg  used on input line 167.
(pdftex.def)             Requested size: 213.96239pt x 160.4751pt.
 [5 <./F0020TEK.jpg> <./F0023TEK.jpg> <./F0021TEK.jpg> <./F0022TEK.jpg>]
<Versuchsaufbau 3-5.png, id=48, 719.68875pt x 352.31625pt>
File: Versuchsaufbau 3-5.png Graphic file (type png)
<use Versuchsaufbau 3-5.png>
Package pdftex.def Info: Versuchsaufbau 3-5.png  used on input line 179.
(pdftex.def)             Requested size: 213.96239pt x 104.74414pt.

Overfull \hbox (7.38344pt too wide) in alignment at lines 187--197
[] [] [] 
 []


Overfull \hbox (3.86055pt too wide) in alignment at lines 229--239
[] [] [] 
 []

[6 <./Versuchsaufbau 3-5.png>]
<Daempfung-Plot.jpg, id=53, 605.6226pt x 502.7583pt>
File: Daempfung-Plot.jpg Graphic file (type jpg)
<use Daempfung-Plot.jpg>
Package pdftex.def Info: Daempfung-Plot.jpg  used on input line 250.
(pdftex.def)             Requested size: 213.96239pt x 177.6174pt.

Underfull \hbox (badness 10000) in paragraph at lines 265--266
[]\T1/aer/m/n/10 Bedingungsanleitung Volt-craft VC 170-
 []


Underfull \hbox (badness 10000) in paragraph at lines 265--266
\T1/aer/m/n/10 1, zu-letzt ab-ge-ru-fen am: 11.09.2021,
 []


Underfull \hbox (badness 10000) in paragraph at lines 265--266
\T1/aer/m/n/10 https://www.manualslib.de/manual/317833/Volt-
 []


Underfull \hbox (badness 10000) in paragraph at lines 266--267
\T1/aer/m/n/10 reichelt.de/documents/datenblatt/D100/PEAK-
 []


Underfull \hbox (badness 10000) in paragraph at lines 267--268
[]\T1/aer/m/n/10 Benutzerhandbuch Agi-lent
 []


Underfull \hbox (badness 10000) in paragraph at lines 267--268
\T1/aer/m/n/10 33220A, ab-ge-ru-fen am 12.09.2021,
 []


Overfull \hbox (5.74916pt too wide) in paragraph at lines 267--268
\T1/aer/m/n/10 http://literature.cdn.keysight.com/litweb/pdf/33220-
 []

[7 <./Daempfung-Plot.jpg>]
Underfull \hbox (badness 10000) in paragraph at lines 268--269
[]\T1/aer/m/n/10 Bedienungsanleitung Tek-tro-nix TDS 1001B,
 []


Underfull \hbox (badness 10000) in paragraph at lines 268--269
\T1/aer/m/n/10 abe-gru-fen am 12.09.2021, https://docs.rs-
 []


Underfull \hbox (badness 10000) in paragraph at lines 269--270
[]\T1/aer/m/n/10 Grafik zur Be-stim-mung der Ka-bel-
 []


Underfull \hbox (badness 10000) in paragraph at lines 269--270
\T1/aer/m/n/10 art, ab-ge-ru-fen am 13.09.2021, htt-
 []

LaTeX Font Info:    Font shape `T1/aess/b/n' in size <12> not available
(Font)              Font shape `T1/aess/bx/n' tried instead on input line 273.
<Daempfung verschiedener Kabel.png, id=58, 462.97969pt x 445.665pt>
File: Daempfung verschiedener Kabel.png Graphic file (type png)
<use Daempfung verschiedener Kabel.png>
Package pdftex.def Info: Daempfung verschiedener Kabel.png  used on input line 
277.
(pdftex.def)             Requested size: 213.96239pt x 205.96042pt.

Underfull \hbox (badness 1009) in paragraph at lines 285--286
\T1/aer/m/n/10 Zur Be-rech-nung der Aus-brei-tungs-zeit ei-nes Recht-
 []

[8 <./Daempfung verschiedener Kabel.png>]
Overfull \hbox (2.44453pt too wide) detected at line 355
[]
 []


Overfull \hbox (3.23048pt too wide) detected at line 371
[]
 []


AED: lastpage setting LastPage
[9] (Versuch 41_tex.aux) ) 
Here is how much of TeX's memory you used:
 9561 strings out of 478864
 200180 string characters out of 2848660
 656373 words of memory out of 3000000
 27345 multiletter control sequences out of 15000+600000
 444923 words of font info for 108 fonts, out of 8000000 for 9000
 1141 hyphenation exceptions out of 8191
 108i,20n,108p,10613b,588s stack positions out of 5000i,500n,10000p,200000b,80000s
<C:/Users/selin/AppData/Local/Programs/MiKTeX/fonts/t
ype1/public/amsfonts/cm/cmb10.pfb><C:/Users/selin/AppData/Local/Programs/MiKTeX
/fonts/type1/public/amsfonts/cm/cmex10.pfb><C:/Users/selin/AppData/Local/Progra
ms/MiKTeX/fonts/type1/public/amsfonts/cm/cmmi10.pfb><C:/Users/selin/AppData/Loc
al/Programs/MiKTeX/fonts/type1/public/amsfonts/cm/cmmi5.pfb><C:/Users/selin/App
Data/Local/Programs/MiKTeX/fonts/type1/public/amsfonts/cm/cmmi7.pfb><C:/Users/s
elin/AppData/Local/Programs/MiKTeX/fonts/type1/public/amsfonts/cm/cmmi9.pfb><C:
/Users/selin/AppData/Local/Programs/MiKTeX/fonts/type1/public/amsfonts/cm/cmr10
.pfb><C:/Users/selin/AppData/Local/Programs/MiKTeX/fonts/type1/public/amsfonts/
cm/cmr12.pfb><C:/Users/selin/AppData/Local/Programs/MiKTeX/fonts/type1/public/a
msfonts/cm/cmr5.pfb><C:/Users/selin/AppData/Local/Programs/MiKTeX/fonts/type1/p
ublic/amsfonts/cm/cmr7.pfb><C:/Users/selin/AppData/Local/Programs/MiKTeX/fonts/
type1/public/amsfonts/cm/cmr9.pfb><C:/Users/selin/AppData/Local/Programs/MiKTeX
/fonts/type1/public/amsfonts/cm/cmsl10.pfb><C:/Users/selin/AppData/Local/Progra
ms/MiKTeX/fonts/type1/public/amsfonts/cm/cmssbx10.pfb><C:/Users/selin/AppData/L
ocal/Programs/MiKTeX/fonts/type1/public/amsfonts/cm/cmsy10.pfb><C:/Users/selin/
AppData/Local/Programs/MiKTeX/fonts/type1/public/amsfonts/cm/cmsy5.pfb><C:/User
s/selin/AppData/Local/Programs/MiKTeX/fonts/type1/public/amsfonts/cm/cmsy7.pfb>
<C:/Users/selin/AppData/Local/Programs/MiKTeX/fonts/type1/public/amsfonts/cm/cm
sy9.pfb><C:/Users/selin/AppData/Local/Programs/MiKTeX/fonts/type1/public/amsfon
ts/cm/cmti10.pfb><C:/Users/selin/AppData/Local/Programs/MiKTeX/fonts/type1/publ
ic/amsfonts/euler/eurm10.pfb><C:/Users/selin/AppData/Local/Programs/MiKTeX/font
s/type1/public/amsfonts/symbols/msbm10.pfb>
Output written on "Versuch 41_tex.pdf" (9 pages, 1763491 bytes).
PDF statistics:
 151 PDF objects out of 1000 (max. 8388607)
 0 named destinations out of 1000 (max. 500000)
 86 words of extra memory for PDF output out of 10000 (max. 10000000)

