This is pdfTeX, Version 3.141592653-2.6-1.40.22 (MiKTeX 21.6) (preloaded format=pdflatex 2021.8.13)  7 OCT 2021 17:55
entering extended mode
**"./Versuch 49.tex"
(Versuch 49.tex
LaTeX2e <2021-06-01>
L3 programming layer <2021-06-01>
(C:\Users\selin\AppData\Local\Programs\MiKTeX\tex/latex/koma-script\scrartcl.cl
s
Document Class: scrartcl 2021/06/25 v3.34 KOMA-Script document class (article)

(C:\Users\selin\AppData\Local\Programs\MiKTeX\tex/latex/koma-script\scrkbase.st
y
Package: scrkbase 2021/06/25 v3.34 KOMA-Script package (KOMA-Script-dependent b
asics and keyval usage)

(C:\Users\selin\AppData\Local\Programs\MiKTeX\tex/latex/koma-script\scrbase.sty
Package: scrbase 2021/06/25 v3.34 KOMA-Script package (KOMA-Script-independent 
basics and keyval usage)

(C:\Users\selin\AppData\Local\Programs\MiKTeX\tex/latex/koma-script\scrlfile.st
y
Package: scrlfile 2021/06/25 v3.34 KOMA-Script package (file load hooks)

(C:\Users\selin\AppData\Local\Programs\MiKTeX\tex/latex/koma-script\scrlfile-ho
ok.sty
Package: scrlfile-hook 2021/06/25 v3.34 KOMA-Script package (using LaTeX hooks)


(C:\Users\selin\AppData\Local\Programs\MiKTeX\tex/latex/koma-script\scrlogo.sty
Package: scrlogo 2021/06/25 v3.34 KOMA-Script package (logo)
))) (C:\Users\selin\AppData\Local\Programs\MiKTeX\tex/latex/graphics\keyval.sty
Package: keyval 2014/10/28 v1.15 key=value parser (DPC)
\KV@toks@=\toks16
)
Applying: [2021/05/01] Usage of raw or classic option list on input line 252.
Already applied: [0000/00/00] Usage of raw or classic option list on input line
 368.
))
(C:\Users\selin\AppData\Local\Programs\MiKTeX\tex/latex/koma-script\tocbasic.st
y
Package: tocbasic 2021/06/25 v3.34 KOMA-Script package (handling toc-files)
\scr@dte@tocline@numberwidth=\skip47
\scr@dte@tocline@numbox=\box50
)
Package tocbasic Info: babel extension for `toc' omitted
(tocbasic)             because of missing \bbl@set@language on input line 135.
Package scrartcl Info: You've used standard option `10pt'.
(scrartcl)             This is correct!
(scrartcl)             Internally I'm using `fontsize=10pt'.
(scrartcl)             If you'd like to set the option with \KOMAoptions,
(scrartcl)             you'd have to use `fontsize=10pt' there
(scrartcl)             instead of `10pt', too.
Class scrartcl Info: File `scrsize10pt.clo' used to setup font sizes on input l
ine 2241.

(C:\Users\selin\AppData\Local\Programs\MiKTeX\tex/latex/koma-script\scrsize10pt
.clo
File: scrsize10pt.clo 2021/06/25 v3.34 KOMA-Script font size class option (10pt
)
)
(C:\Users\selin\AppData\Local\Programs\MiKTeX\tex/latex/koma-script\typearea.st
y
Package: typearea 2021/06/25 v3.34 KOMA-Script package (type area)
\ta@bcor=\skip48
\ta@div=\count182
Package typearea Info: You've used standard option `a4paper'.
(typearea)             This is correct!
(typearea)             Internally I'm using `paper=a4'.
(typearea)             If you'd like to set the option with \KOMAoptions,
(typearea)             you'd have to use `paper=a4' there
(typearea)             instead of `a4paper', too.
\ta@hblk=\skip49
\ta@vblk=\skip50
\ta@temp=\skip51
\footheight=\skip52
Package typearea Info: Maybe no optimal type area settings!
(typearea)             The detected line width is about 41%
(typearea)             smaller than the heuristically estimated maximum
(typearea)             limit of typographical good line width.
(typearea)             You could e.g. increase DIV
(typearea)             or change the papersize.
Package typearea Info: These are the values describing the layout:
(typearea)             DIV  = 8
(typearea)             BCOR = 0.0pt
(typearea)             \paperwidth      = 597.50793pt
(typearea)              \textwidth      = 373.44246pt
(typearea)              DIV departure   = 41%
(typearea)              \evensidemargin = 39.76274pt
(typearea)              \oddsidemargin  = 39.76274pt
(typearea)             \paperheight     = 845.04694pt
(typearea)              \textheight     = 538.0pt
(typearea)              \topmargin      = 0.36087pt
(typearea)              \headheight     = 15.0pt
(typearea)              \headsep        = 18.0pt
(typearea)              \topskip        = 10.0pt
(typearea)              \footskip       = 42.0pt
(typearea)              \baselineskip   = 12.0pt
(typearea)              on input line 1742.
)
\c@part=\count183
\c@section=\count184
\c@subsection=\count185
\c@subsubsection=\count186
\c@paragraph=\count187
\c@subparagraph=\count188
\scr@dte@section@maxnumwidth=\skip53
Class scrartcl Info: using compatibility default `runin=bysign'
(scrartcl)           for `\section on input line 4851.
Class scrartcl Info: using compatibility default `afterindent=bysign'
(scrartcl)           for `\section on input line 4851.
\scr@dte@part@maxnumwidth=\skip54
Class scrartcl Info: using compatibility default `afterindent=false'
(scrartcl)           for `\part on input line 4859.
\scr@dte@subsection@maxnumwidth=\skip55
Class scrartcl Info: using compatibility default `runin=bysign'
(scrartcl)           for `\subsection on input line 4869.
Class scrartcl Info: using compatibility default `afterindent=bysign'
(scrartcl)           for `\subsection on input line 4869.
\scr@dte@subsubsection@maxnumwidth=\skip56
Class scrartcl Info: using compatibility default `runin=bysign'
(scrartcl)           for `\subsubsection on input line 4879.
Class scrartcl Info: using compatibility default `afterindent=bysign'
(scrartcl)           for `\subsubsection on input line 4879.
\scr@dte@paragraph@maxnumwidth=\skip57
Class scrartcl Info: using compatibility default `runin=bysign'
(scrartcl)           for `\paragraph on input line 4890.
Class scrartcl Info: using compatibility default `afterindent=bysign'
(scrartcl)           for `\paragraph on input line 4890.
\scr@dte@subparagraph@maxnumwidth=\skip58
Class scrartcl Info: using compatibility default `runin=bysign'
(scrartcl)           for `\subparagraph on input line 4900.
Class scrartcl Info: using compatibility default `afterindent=bysign'
(scrartcl)           for `\subparagraph on input line 4900.
\abovecaptionskip=\skip59
\belowcaptionskip=\skip60
\c@pti@nb@sid@b@x=\box51
Package tocbasic Info: babel extension for `lof' omitted
(tocbasic)             because of missing \bbl@set@language on input line 6075.

\scr@dte@figure@maxnumwidth=\skip61
\c@figure=\count189
Package tocbasic Info: babel extension for `lot' omitted
(tocbasic)             because of missing \bbl@set@language on input line 6087.

\scr@dte@table@maxnumwidth=\skip62
\c@table=\count190
Class scrartcl Info: Redefining `\numberline' on input line 6251.
\bibindent=\dimen138
) (C:\Users\selin\AppData\Local\Programs\MiKTeX\tex/generic/german\german.sty v
2.5e 1998-07-08
Package: german 1998/07/08 v2.5e Support for writing german texts (br)
\grmnU@D=\dimen139
german -- \language number for Austrian undefined, default 26 used.
)
(C:\Users\selin\AppData\Local\Programs\MiKTeX\tex/latex/base\inputenc.sty
Package: inputenc 2021/02/14 v1.3d Input encoding file
\inpenc@prehook=\toks17
\inpenc@posthook=\toks18

(C:\Users\selin\AppData\Local\Programs\MiKTeX\tex/latex/base\latin1.def
File: latin1.def 2021/02/14 v1.3d Input encoding file
))
(C:\Users\selin\AppData\Local\Programs\MiKTeX\tex/latex/amsmath\amsmath.sty
Package: amsmath 2021/04/20 v2.17j AMS math features
\@mathmargin=\skip63

For additional information on amsmath, use the `?' option.
(C:\Users\selin\AppData\Local\Programs\MiKTeX\tex/latex/amsmath\amstext.sty
Package: amstext 2000/06/29 v2.01 AMS text

(C:\Users\selin\AppData\Local\Programs\MiKTeX\tex/latex/amsmath\amsgen.sty
File: amsgen.sty 1999/11/30 v2.0 generic functions
\@emptytoks=\toks19
\ex@=\dimen140
))
(C:\Users\selin\AppData\Local\Programs\MiKTeX\tex/latex/amsmath\amsbsy.sty
Package: amsbsy 1999/11/29 v1.2d Bold Symbols
\pmbraise@=\dimen141
)
(C:\Users\selin\AppData\Local\Programs\MiKTeX\tex/latex/amsmath\amsopn.sty
Package: amsopn 2016/03/08 v2.02 operator names
)
\inf@bad=\count191
LaTeX Info: Redefining \frac on input line 234.
\uproot@=\count192
\leftroot@=\count193
LaTeX Info: Redefining \overline on input line 399.
\classnum@=\count194
\DOTSCASE@=\count195
LaTeX Info: Redefining \ldots on input line 496.
LaTeX Info: Redefining \dots on input line 499.
LaTeX Info: Redefining \cdots on input line 620.
\Mathstrutbox@=\box52
\strutbox@=\box53
\big@size=\dimen142
LaTeX Font Info:    Redeclaring font encoding OML on input line 743.
LaTeX Font Info:    Redeclaring font encoding OMS on input line 744.
\macc@depth=\count196
\c@MaxMatrixCols=\count197
\dotsspace@=\muskip16
\c@parentequation=\count198
\dspbrk@lvl=\count199
\tag@help=\toks20
\row@=\count266
\column@=\count267
\maxfields@=\count268
\andhelp@=\toks21
\eqnshift@=\dimen143
\alignsep@=\dimen144
\tagshift@=\dimen145
\tagwidth@=\dimen146
\totwidth@=\dimen147
\lineht@=\dimen148
\@envbody=\toks22
\multlinegap=\skip64
\multlinetaggap=\skip65
\mathdisplay@stack=\toks23
LaTeX Info: Redefining \[ on input line 2923.
LaTeX Info: Redefining \] on input line 2924.
)
(C:\Users\selin\AppData\Local\Programs\MiKTeX\tex/latex/amsfonts\amsfonts.sty
Package: amsfonts 2013/01/14 v3.01 Basic AMSFonts support
\symAMSa=\mathgroup4
\symAMSb=\mathgroup5
LaTeX Font Info:    Redeclaring math symbol \hbar on input line 98.
LaTeX Font Info:    Overwriting math alphabet `\mathfrak' in version `bold'
(Font)                  U/euf/m/n --> U/euf/b/n on input line 106.
)
(C:\Users\selin\AppData\Local\Programs\MiKTeX\tex/latex/amsfonts\amssymb.sty
Package: amssymb 2013/01/14 v3.01 AMS font symbols
)
(C:\Users\selin\AppData\Local\Programs\MiKTeX\tex/latex/graphics\graphicx.sty
Package: graphicx 2020/12/05 v1.2c Enhanced LaTeX Graphics (DPC,SPQR)

(C:\Users\selin\AppData\Local\Programs\MiKTeX\tex/latex/graphics\graphics.sty
Package: graphics 2021/03/04 v1.4d Standard LaTeX Graphics (DPC,SPQR)

(C:\Users\selin\AppData\Local\Programs\MiKTeX\tex/latex/graphics\trig.sty
Package: trig 2016/01/03 v1.10 sin cos tan (DPC)
)
(C:\Users\selin\AppData\Local\Programs\MiKTeX\tex/latex/graphics-cfg\graphics.c
fg
File: graphics.cfg 2016/06/04 v1.11 sample graphics configuration
)
Package graphics Info: Driver file: pdftex.def on input line 107.

(C:\Users\selin\AppData\Local\Programs\MiKTeX\tex/latex/graphics-def\pdftex.def
File: pdftex.def 2020/10/05 v1.2a Graphics/color driver for pdftex
))
\Gin@req@height=\dimen149
\Gin@req@width=\dimen150
) (C:\Users\selin\AppData\Local\Programs\MiKTeX\tex/latex/base\fontenc.sty
Package: fontenc 2021/04/29 v2.0v Standard LaTeX package
)
(C:\Users\selin\AppData\Local\Programs\MiKTeX\tex/latex/ae\ae.sty
Package: ae 2001/02/12 1.3 Almost European Computer Modern

(C:\Users\selin\AppData\Local\Programs\MiKTeX\tex/latex/base\fontenc.sty
Package: fontenc 2021/04/29 v2.0v Standard LaTeX package
))
(C:\Users\selin\AppData\Local\Programs\MiKTeX\tex/latex/koma-script\scrlayer-sc
rpage.sty
Package: scrlayer-scrpage 2021/06/25 v3.34 KOMA-Script package (end user interf
ace for scrlayer)

(C:\Users\selin\AppData\Local\Programs\MiKTeX\tex/latex/koma-script\scrlayer.st
y
Package: scrlayer 2021/06/25 v3.34 KOMA-Script package (defining layers and pag
e styles)
Package scrlayer Info: Using already defined \footheight
(scrlayer)             hoping, that this is a length and
(scrlayer)             not only a macro on input line 136.
Package scrlayer Info: patching LaTeX kernel macro \pagestyle on input line 216
2.
)
Package scrlayer-scrpage Info: Makeing stand-alone element `pagehead' from
(scrlayer-scrpage)             alias to `pageheadfoot' on input line 1085.
Package scrlayer-scrpage Info: deactivating warning for font element
(scrlayer-scrpage)             `pagefoot' on input line 1109.
)
Package scrlayer-scrpage Info: auto-selection of `pagestyleset=KOMA-Script'.

(C:\Users\selin\AppData\Local\Programs\MiKTeX\tex/latex/lastpage\lastpage.sty
Package: lastpage 2015/03/29 v1.2m Refers to last page's name (HMM; JPG)
)
(C:\Users\selin\AppData\Local\Programs\MiKTeX\tex/latex/caption\caption.sty
Package: caption 2020/10/26 v3.5g Customizing captions (AR)

(C:\Users\selin\AppData\Local\Programs\MiKTeX\tex/latex/caption\caption3.sty
Package: caption3 2020/10/21 v2.2e caption3 kernel (AR)
\captionmargin=\dimen151
\captionmargin@=\dimen152
\captionwidth=\dimen153
\caption@tempdima=\dimen154
\caption@indent=\dimen155
\caption@parindent=\dimen156
\caption@hangindent=\dimen157
Package caption Info: KOMA-Script document class detected.

(C:\Users\selin\AppData\Local\Programs\MiKTeX\tex/latex/caption\caption-koma.st
o
File: caption-koma.sto 2020/09/21 v2.0b Adaption of the caption package to the 
KOMA-Script document classes (AR)
))
\c@caption@flags=\count269
\c@continuedfloat=\count270
)
LaTeX Font Info:    Trying to load font information for T1+aer on input line 18
.
 (C:\Users\selin\AppData\Local\Programs\MiKTeX\tex/latex/ae\t1aer.fd
File: t1aer.fd 1997/11/16 Font definitions for T1/aer.
)
Package typearea Info: Maybe no optimal type area settings!
(typearea)             The detected line width is about 26%
(typearea)             smaller than the heuristically estimated maximum
(typearea)             limit of typographical good line width.
(typearea)             You could e.g. increase DIV
(typearea)             or change the papersize.
Package typearea Info: These are the values describing the layout:
(typearea)             DIV  = 16
(typearea)             BCOR = 0.0pt
(typearea)             \paperwidth      = 597.50793pt
(typearea)              \textwidth      = 485.47522pt
(typearea)              DIV departure   = 26%
(typearea)              \evensidemargin = -16.25363pt
(typearea)              \oddsidemargin  = -16.25363pt
(typearea)             \paperheight     = 845.04694pt
(typearea)              \textheight     = 694.0pt
(typearea)              \topmargin      = -52.45456pt
(typearea)              \headheight     = 15.0pt
(typearea)              \headsep        = 18.0pt
(typearea)              \topskip        = 10.0pt
(typearea)              \footskip       = 42.0pt
(typearea)              \baselineskip   = 12.0pt
(typearea)              on input line 18.

(C:\Users\selin\AppData\Local\Programs\MiKTeX\tex/latex/l3backend\l3backend-pdf
tex.def
File: l3backend-pdftex.def 2021-05-07 L3 backend support: PDF output (pdfTeX)
\l__color_backend_stack_int=\count271
\l__pdf_internal_box=\box54
) (Versuch 49.aux)
\openout1 = `"Versuch 49.aux"'.

LaTeX Font Info:    Checking defaults for OML/cmm/m/it on input line 23.
LaTeX Font Info:    ... okay on input line 23.
LaTeX Font Info:    Checking defaults for OMS/cmsy/m/n on input line 23.
LaTeX Font Info:    ... okay on input line 23.
LaTeX Font Info:    Checking defaults for OT1/cmr/m/n on input line 23.
LaTeX Font Info:    ... okay on input line 23.
LaTeX Font Info:    Checking defaults for T1/cmr/m/n on input line 23.
LaTeX Font Info:    ... okay on input line 23.
LaTeX Font Info:    Checking defaults for TS1/cmr/m/n on input line 23.
LaTeX Font Info:    ... okay on input line 23.
LaTeX Font Info:    Checking defaults for OMX/cmex/m/n on input line 23.
LaTeX Font Info:    ... okay on input line 23.
LaTeX Font Info:    Checking defaults for U/cmr/m/n on input line 23.
LaTeX Font Info:    ... okay on input line 23.

(C:\Users\selin\AppData\Local\Programs\MiKTeX\tex/context/base/mkii\supp-pdf.mk
ii
[Loading MPS to PDF converter (version 2006.09.02).]
\scratchcounter=\count272
\scratchdimen=\dimen158
\scratchbox=\box55
\nofMPsegments=\count273
\nofMParguments=\count274
\everyMPshowfont=\toks24
\MPscratchCnt=\count275
\MPscratchDim=\dimen159
\MPnumerator=\count276
\makeMPintoPDFobject=\count277
\everyMPtoPDFconversion=\toks25
)
(C:\Users\selin\AppData\Local\Programs\MiKTeX\tex/latex/epstopdf-pkg\epstopdf-b
ase.sty
Package: epstopdf-base 2020-01-24 v2.11 Base part for package epstopdf
Package epstopdf-base Info: Redefining graphics rule for `.eps' on input line 4
85.

(C:\Users\selin\AppData\Local\Programs\MiKTeX\tex/latex/00miktex\epstopdf-sys.c
fg
File: epstopdf-sys.cfg 2021/03/18 v2.0 Configuration of epstopdf for MiKTeX
))
Package lastpage Info: Please have a look at the pageslts package at
(lastpage)             https://www.ctan.org/pkg/pageslts
(lastpage)             ! on input line 23.
Package caption Info: Begin \AtBeginDocument code.
Package caption Info: End \AtBeginDocument code.
LaTeX Font Info:    Trying to load font information for U+msa on input line 48.

 (C:\Users\selin\AppData\Local\Programs\MiKTeX\tex/latex/amsfonts\umsa.fd
File: umsa.fd 2013/01/14 v3.01 AMS symbols A
)
LaTeX Font Info:    Trying to load font information for U+msb on input line 48.


(C:\Users\selin\AppData\Local\Programs\MiKTeX\tex/latex/amsfonts\umsb.fd
File: umsb.fd 2013/01/14 v3.01 AMS symbols B
)
LaTeX Font Info:    Trying to load font information for T1+aess on input line 4
8.

(C:\Users\selin\AppData\Local\Programs\MiKTeX\tex/latex/ae\t1aess.fd
File: t1aess.fd 1997/11/16 Font definitions for T1/aess.
)
LaTeX Font Info:    Font shape `T1/aess/b/n' in size <10> not available
(Font)              Font shape `T1/aess/bx/n' tried instead on input line 48.
LaTeX Font Info:    Font shape `T1/aess/b/n' in size <20.74> not available
(Font)              Font shape `T1/aess/bx/n' tried instead on input line 48.

Underfull \hbox (badness 1194) in paragraph at lines 48--48
\T1/aer/m/it/10 Raumladungsgesetz \T1/aer/m/n/10 über-prüft. Die durch gra-fi-s
che Aus-wer-tung be-stimm-ten Ex-po-nen-ten lau-ten
 []


Underfull \hbox (badness 10000) in paragraph at lines 48--48

 []


Underfull \hbox (badness 10000) in paragraph at lines 48--48

 []


Underfull \hbox (badness 10000) in paragraph at lines 48--48

 []


Underfull \hbox (badness 10000) in paragraph at lines 48--48

 []

LaTeX Font Info:    Font shape `T1/aess/b/n' in size <14.4> not available
(Font)              Font shape `T1/aess/bx/n' tried instead on input line 50.
LaTeX Font Info:    Font shape `T1/aess/b/n' in size <12> not available
(Font)              Font shape `T1/aess/bx/n' tried instead on input line 56.
<Vakuumdiode-Aufbau.png, id=1, 574.5465pt x 374.5995pt>
File: Vakuumdiode-Aufbau.png Graphic file (type png)
<use Vakuumdiode-Aufbau.png>
Package pdftex.def Info: Vakuumdiode-Aufbau.png  used on input line 60.
(pdftex.def)             Requested size: 213.96239pt x 139.50276pt.

Underfull \hbox (badness 1137) in paragraph at lines 69--71
\T1/aer/m/n/10 Die da-bei ent-ste-hen-de Elek-tro-nen-wol-ke wird dann
 []


Underfull \hbox (badness 1527) in paragraph at lines 69--71
\T1/aer/m/n/10 Elek-tro-den wird durch Zu-nah-me der Raum-la-dun-
 []


Underfull \hbox (badness 2401) in paragraph at lines 69--71
\T1/aer/m/n/10 gen ge-hemmt. Die-ser Zu-sam-men-hang wird durch
 []


Underfull \hbox (badness 3803) in paragraph at lines 69--71
\T1/aer/m/n/10 die \T1/aer/m/it/10 Schottky-Langmuir-Raumladungsformel \T1/aer/
m/n/10 (Gl. 2[])
 []


Underfull \hbox (badness 10000) in paragraph at lines 69--71

 []

[1

{C:/Users/selin/AppData/Local/MiKTeX/pdftex/config/pdftex.map}



 <./Vakuumdiode-Aufbau.png>]
<beide Kennlinien.jpg, id=20, 607.3089pt x 506.3718pt>
File: beide Kennlinien.jpg Graphic file (type jpg)
<use beide Kennlinien.jpg>
Package pdftex.def Info: beide Kennlinien.jpg  used on input line 82.
(pdftex.def)             Requested size: 213.96239pt x 178.39949pt.

Underfull \hbox (badness 2165) in paragraph at lines 83--83
[][]|$\OML/cmm/m/it/9 I[]\OT1/cmr/m/n/9 (\OML/cmm/m/it/9 U[]\OT1/cmr/m/n/9 )$\T
1/aer/m/n/9 -Kennlinien ei-ner Va-ku-um-di-ode bei
 []

<6,5V Kontaktspannung.jpg, id=21, 628.749pt x 522.753pt>
File: 6,5V Kontaktspannung.jpg Graphic file (type jpg)
<use 6,5V Kontaktspannung.jpg>
Package pdftex.def Info: 6,5V Kontaktspannung.jpg  used on input line 111.
(pdftex.def)             Requested size: 213.96239pt x 177.89319pt.
<7,5V Kontaktspannung.jpg, id=22, 602.25pt x 515.2851pt>
File: 7,5V Kontaktspannung.jpg Graphic file (type jpg)
<use 7,5V Kontaktspannung.jpg>
Package pdftex.def Info: 7,5V Kontaktspannung.jpg  used on input line 112.
(pdftex.def)             Requested size: 213.96239pt x 183.06508pt.

Underfull \hbox (badness 2277) in paragraph at lines 113--113
[][]|\T1/aer/m/n/9 Es wur-de $\OML/cmm/m/it/9 I[]$ \T1/aer/m/n/9 ge-gen die Spa
n-nung auf-
 []


Underfull \hbox (badness 1137) in paragraph at lines 79--118
\T1/aer/m/n/10 bau aus Ab-bil-dung 1[] um drei Di-gi-tal-mul-ti-me-tern
 []


Underfull \hbox (badness 1859) in paragraph at lines 79--118
\T1/aer/m/n/10 er-wei-tert. Es wur-den zwei Messrei-hen mit fe-sten
 []


Underfull \hbox (badness 1616) in paragraph at lines 79--118
\T1/aer/m/n/10 Heiz-span-nun-gen $\OML/cmm/m/it/10 U[] \OT1/cmr/m/n/10 = (6\OML
/cmm/m/it/10 ; \OT1/cmr/m/n/10 5090 \OMS/cmsy/m/n/10  \OT1/cmr/m/n/10 0\OML/cm
m/m/it/10 ; \OT1/cmr/m/n/10 0066) $\T1/aer/m/n/10 V und
 []


Underfull \hbox (badness 1661) in paragraph at lines 79--118
\T1/aer/m/n/10 dar-ge-stellt. Für bei-de Heiz-span-nun-gen er-gibt sich
 []


Underfull \hbox (badness 3989) in paragraph at lines 79--118
\T1/aer/m/n/10 der cha-rak-te-ri-sti-sche Ver-lauf ei-ner Va-ku-um-di-ode.
 []


Underfull \hbox (badness 1715) in paragraph at lines 79--118
\T1/aer/m/n/10 An-lauf-be-reich, dem Raum-la-dungs-be-reich und dem
 []


Underfull \hbox (badness 2126) in paragraph at lines 79--118
\T1/aer/m/n/10 stär-ker und kann tiefer in die Raum-la-dungs-zo-ne
 []


Underfull \hbox (badness 2521) in paragraph at lines 79--118
\T1/aer/m/n/10 ein-drin-gen, so-mit kön-nen mehr Elek-tro-nen ab-ge-
 []


Underfull \hbox (badness 2556) in paragraph at lines 79--118
\T1/aer/m/n/10 Die \T1/aer/m/it/10 Schottky-Langmuir-Raumladungsformel \T1/aer/
m/n/10 (Gl. 2[])
 []


Underfull \hbox (badness 1590) in paragraph at lines 79--118
\T1/aer/m/n/10 die-ser Zu-sam-men-hang über-prüft wer-den. Für den
 []


Underfull \hbox (badness 1430) in paragraph at lines 79--118
\T1/aer/m/n/10 Über-gang erah-nen kann. Ei-ne ho-he Heiz-span-nung
 []


Underfull \hbox (badness 3250) in paragraph at lines 79--118
\T1/aer/m/n/10 lie-fert dement-spre-chend mehr Elek-tro-nen als die
 []


Underfull \hbox (badness 2150) in paragraph at lines 79--118
\T1/aer/m/n/10 aus. Auf-grund der Gleich-rich-te-rei-gen-schaf-ten wird
 []


Underfull \hbox (badness 1178) in paragraph at lines 79--118
\T1/aer/m/n/10 bei ent-ge-gen-ge-setz-ter Span-nung ein Ge-gen-feld ab-
 []


Underfull \hbox (badness 2050) in paragraph at lines 79--118
\T1/aer/m/n/10 ist, dass der ther-misch be-ding-te Elek-tro-nen-strom
 []


Underfull \hbox (badness 1325) in paragraph at lines 79--118
\T1/aer/m/n/10 zum er-lie-gen kommt, hei˙t Kon-takt-span-nung. Die
 []


Underfull \hbox (badness 1210) in paragraph at lines 79--118
\T1/aer/m/n/10 mit un-ter-schied-li-chen Aus-tritts-ar-bei-ten in Kon-takt
 []


Underfull \hbox (badness 1642) in paragraph at lines 79--118
\OML/cmm/m/it/10 I[]\OT1/cmr/m/n/10 (\OML/cmm/m/it/10 U\OT1/cmr/m/n/10 )$ \T1/a
er/m/n/10 auf die y-Achse auf-ge-tra-gen. Hier-bei wird
 []


Underfull \hbox (badness 10000) in paragraph at lines 79--118

 []


Underfull \hbox (badness 10000) in paragraph at lines 79--118

 []


Underfull \vbox (badness 10000) has occurred while \output is active []

 [2 <./beide Kennlinien.jpg>]
<6,5V Exponent.jpg, id=32, 657.1752pt x 510.4671pt>
File: 6,5V Exponent.jpg Graphic file (type jpg)
<use 6,5V Exponent.jpg>
Package pdftex.def Info: 6,5V Exponent.jpg  used on input line 121.
(pdftex.def)             Requested size: 213.96239pt x 166.19582pt.
<7,5V Exponent.jpg, id=33, 639.5895pt x 506.8536pt>
File: 7,5V Exponent.jpg Graphic file (type jpg)
<use 7,5V Exponent.jpg>
Package pdftex.def Info: 7,5V Exponent.jpg  used on input line 122.
(pdftex.def)             Requested size: 213.96239pt x 169.55919pt.

Underfull \hbox (badness 1122) in paragraph at lines 123--123
\T1/aer/m/n/9 reich der Mes-spunk-te, die bei dop-pel-lo-ga-
 []


Underfull \hbox (badness 1394) in paragraph at lines 123--123
\T1/aer/m/n/9 rith-mi-scher Auf-tra-gung ei-ner Ge-ra-den fol-
 []


Underfull \hbox (badness 3701) in paragraph at lines 123--123
\T1/aer/m/n/9 gen und dement-spre-chend dem \T1/aer/m/it/9 Schottky-
 []

[3 <./6,5V Kontaktspannung.jpg> <./7,5V Kontaktspannung.jpg> <./6,5V Exponent.j
pg> <./7,5V Exponent.jpg>]
<Richardson.jpg, id=38, 639.1077pt x 505.4082pt>
File: Richardson.jpg Graphic file (type jpg)
<use Richardson.jpg>
Package pdftex.def Info: Richardson.jpg  used on input line 134.
(pdftex.def)             Requested size: 213.96239pt x 169.19904pt.
 [4 <./Richardson.jpg>]
<Neon-Franck-Kurve.jpg, id=44, 595.023pt x 513.3579pt>
File: Neon-Franck-Kurve.jpg Graphic file (type jpg)
<use Neon-Franck-Kurve.jpg>
Package pdftex.def Info: Neon-Franck-Kurve.jpg  used on input line 157.
(pdftex.def)             Requested size: 213.96239pt x 184.5972pt.

Underfull \hbox (badness 10000) in paragraph at lines 184--186

 []


Underfull \hbox (badness 3291) in paragraph at lines 184--186
\T1/aer/m/n/10 ni-gungs-span-nung des m-ten Ma-xi-mums $\OML/cmm/m/it/10 U[]$ \
T1/aer/m/n/10 und
 []


Underfull \hbox (badness 1430) in paragraph at lines 184--186
\T1/aer/m/n/10 dem zu-vor be-stimm-ten Mit-tel-wert der Ener-gie-dif-
 []


Underfull \hbox (badness 4467) in paragraph at lines 184--186
\T1/aer/m/n/10 fe-renz zwei-er Ma-xi-ma $\OT1/cmr/m/n/10 \OML/cmm/m/it/10 E[]$
 \T1/aer/m/n/10 kann die
 []

[5 <./Neon-Franck-Kurve.jpg>]
LaTeX Font Info:    Trying to load font information for TS1+aer on input line 1
93.
LaTeX Font Info:    No file TS1aer.fd. on input line 193.


LaTeX Font Warning: Font shape `TS1/aer/m/n' undefined
(Font)              using `TS1/cmr/m/n' instead
(Font)              for symbol `textdegree' on input line 193.

<Hg-Franck-Kurve.jpg, id=48, 598.8774pt x 518.4168pt>
File: Hg-Franck-Kurve.jpg Graphic file (type jpg)
<use Hg-Franck-Kurve.jpg>
Package pdftex.def Info: Hg-Franck-Kurve.jpg  used on input line 196.
(pdftex.def)             Requested size: 213.96239pt x 185.21393pt.

Underfull \hbox (badness 3557) in paragraph at lines 197--197
[][]|\T1/aer/m/n/9 Dar-ge-stellt ist ei-ne $\OML/cmm/m/it/9 I[]\OT1/cmr/m/n/9 (
\OML/cmm/m/it/9 U[]\OT1/cmr/m/n/9 )$\T1/aer/m/n/9 -Kennlinie für
 []

[6 <./Hg-Franck-Kurve.jpg>]
Underfull \hbox (badness 10000) in paragraph at lines 215--216
[]\T1/aer/m/n/10 Benutzer- und Ser-vice-hand-buch \T1/aer/m/it/10 Agi-
 []


Underfull \hbox (badness 10000) in paragraph at lines 215--216
\T1/aer/m/it/10 lent 34405A\T1/aer/m/n/10 , ab-ge-ru-fen am: 19.09.2021,
 []


Overfull \hbox (5.74916pt too wide) in paragraph at lines 215--216
\T1/aer/m/n/10 http://literature.cdn.keysight.com/litweb/pdf/34405-
 []


Underfull \hbox (badness 10000) in paragraph at lines 216--217
[]\T1/aer/m/n/10 Kennlinie ei-ner Di-ode, ab-ge-ru-
 []


Underfull \hbox (badness 10000) in paragraph at lines 216--217
\T1/aer/m/n/10 fen am: 19.09.2021,https://lp.uni-
 []


Underfull \hbox (badness 10000) in paragraph at lines 217--218
[]\T1/aer/m/n/10 Tabelle mit Aus-tritts-ar-bei-ten, ab-ge-
 []


Underfull \hbox (badness 10000) in paragraph at lines 217--218
\T1/aer/m/n/10 ru-fen am: 20.09.2019, https://www.fh-
 []


Overfull \hbox (2.63927pt too wide) in paragraph at lines 217--218
\T1/aer/m/n/10 muenster.de/ciw/downloads/personal/juestel/juestel 
 []

<Neon Uebergaenge.png, id=53, 314.3745pt x 420.97275pt>
File: Neon Uebergaenge.png Graphic file (type png)
<use Neon Uebergaenge.png>
Package pdftex.def Info: Neon Uebergaenge.png  used on input line 223.
(pdftex.def)             Requested size: 213.96239pt x 286.52104pt.
<Hg Uebergaenge.png, id=54, 498.36188pt x 599.99156pt>
File: Hg Uebergaenge.png Graphic file (type png)
<use Hg Uebergaenge.png>
Package pdftex.def Info: Hg Uebergaenge.png  used on input line 230.
(pdftex.def)             Requested size: 213.96239pt x 257.58852pt.

AED: lastpage setting LastPage
[7 <./Neon Uebergaenge.png> <./Hg Uebergaenge.png>] (Versuch 49.aux)

LaTeX Font Warning: Some font shapes were not available, defaults substituted.

 ) 
Here is how much of TeX's memory you used:
 8601 strings out of 478864
 185662 string characters out of 2848660
 630403 words of memory out of 3000000
 26406 multiletter control sequences out of 15000+600000
 443936 words of font info for 109 fonts, out of 8000000 for 9000
 1141 hyphenation exceptions out of 8191
 108i,20n,108p,10609b,501s stack positions out of 5000i,500n,10000p,200000b,80000s
 <C:\Users\selin\AppData\Local\MiKTeX\fonts/pk/ljfour/jknappen/ec/dpi600\tcrm
1000.pk><C:/Users/selin/AppData/Local/Programs/MiKTeX/fonts/type1/public/amsfon
ts/cm/cmb10.pfb><C:/Users/selin/AppData/Local/Programs/MiKTeX/fonts/type1/publi
c/amsfonts/cm/cmex10.pfb><C:/Users/selin/AppData/Local/Programs/MiKTeX/fonts/ty
pe1/public/amsfonts/cm/cmmi10.pfb><C:/Users/selin/AppData/Local/Programs/MiKTeX
/fonts/type1/public/amsfonts/cm/cmmi12.pfb><C:/Users/selin/AppData/Local/Progra
ms/MiKTeX/fonts/type1/public/amsfonts/cm/cmmi5.pfb><C:/Users/selin/AppData/Loca
l/Programs/MiKTeX/fonts/type1/public/amsfonts/cm/cmmi6.pfb><C:/Users/selin/AppD
ata/Local/Programs/MiKTeX/fonts/type1/public/amsfonts/cm/cmmi7.pfb><C:/Users/se
lin/AppData/Local/Programs/MiKTeX/fonts/type1/public/amsfonts/cm/cmmi8.pfb><C:/
Users/selin/AppData/Local/Programs/MiKTeX/fonts/type1/public/amsfonts/cm/cmmi9.
pfb><C:/Users/selin/AppData/Local/Programs/MiKTeX/fonts/type1/public/amsfonts/c
m/cmr10.pfb><C:/Users/selin/AppData/Local/Programs/MiKTeX/fonts/type1/public/am
sfonts/cm/cmr12.pfb><C:/Users/selin/AppData/Local/Programs/MiKTeX/fonts/type1/p
ublic/amsfonts/cm/cmr5.pfb><C:/Users/selin/AppData/Local/Programs/MiKTeX/fonts/
type1/public/amsfonts/cm/cmr6.pfb><C:/Users/selin/AppData/Local/Programs/MiKTeX
/fonts/type1/public/amsfonts/cm/cmr7.pfb><C:/Users/selin/AppData/Local/Programs
/MiKTeX/fonts/type1/public/amsfonts/cm/cmr9.pfb><C:/Users/selin/AppData/Local/P
rograms/MiKTeX/fonts/type1/public/amsfonts/cm/cmsl10.pfb><C:/Users/selin/AppDat
a/Local/Programs/MiKTeX/fonts/type1/public/amsfonts/cm/cmssbx10.pfb><C:/Users/s
elin/AppData/Local/Programs/MiKTeX/fonts/type1/public/amsfonts/cm/cmsy10.pfb><C
:/Users/selin/AppData/Local/Programs/MiKTeX/fonts/type1/public/amsfonts/cm/cmsy
7.pfb><C:/Users/selin/AppData/Local/Programs/MiKTeX/fonts/type1/public/amsfonts
/cm/cmti10.pfb><C:/Users/selin/AppData/Local/Programs/MiKTeX/fonts/type1/public
/amsfonts/cm/cmti9.pfb>
Output written on "Versuch 49.pdf" (7 pages, 3862559 bytes).
PDF statistics:
 151 PDF objects out of 1000 (max. 8388607)
 0 named destinations out of 1000 (max. 500000)
 56 words of extra memory for PDF output out of 10000 (max. 10000000)

