This is pdfTeX, Version 3.141592653-2.6-1.40.22 (MiKTeX 21.6) (preloaded format=pdflatex 2021.8.13)  5 OCT 2021 12:54
entering extended mode
**"./LaTeX-Versuch 42 Mikrowellen.tex"
(LaTeX-Versuch 42 Mikrowellen.tex
LaTeX2e <2021-06-01>
L3 programming layer <2021-06-01>
(C:\Users\selin\AppData\Local\Programs\MiKTeX\tex/latex/koma-script\scrartcl.cl
s
Document Class: scrartcl 2021/06/25 v3.34 KOMA-Script document class (article)

(C:\Users\selin\AppData\Local\Programs\MiKTeX\tex/latex/koma-script\scrkbase.st
y
Package: scrkbase 2021/06/25 v3.34 KOMA-Script package (KOMA-Script-dependent b
asics and keyval usage)

(C:\Users\selin\AppData\Local\Programs\MiKTeX\tex/latex/koma-script\scrbase.sty
Package: scrbase 2021/06/25 v3.34 KOMA-Script package (KOMA-Script-independent 
basics and keyval usage)

(C:\Users\selin\AppData\Local\Programs\MiKTeX\tex/latex/koma-script\scrlfile.st
y
Package: scrlfile 2021/06/25 v3.34 KOMA-Script package (file load hooks)

(C:\Users\selin\AppData\Local\Programs\MiKTeX\tex/latex/koma-script\scrlfile-ho
ok.sty
Package: scrlfile-hook 2021/06/25 v3.34 KOMA-Script package (using LaTeX hooks)


(C:\Users\selin\AppData\Local\Programs\MiKTeX\tex/latex/koma-script\scrlogo.sty
Package: scrlogo 2021/06/25 v3.34 KOMA-Script package (logo)
))) (C:\Users\selin\AppData\Local\Programs\MiKTeX\tex/latex/graphics\keyval.sty
Package: keyval 2014/10/28 v1.15 key=value parser (DPC)
\KV@toks@=\toks16
)
Applying: [2021/05/01] Usage of raw or classic option list on input line 252.
Already applied: [0000/00/00] Usage of raw or classic option list on input line
 368.
))
(C:\Users\selin\AppData\Local\Programs\MiKTeX\tex/latex/koma-script\tocbasic.st
y
Package: tocbasic 2021/06/25 v3.34 KOMA-Script package (handling toc-files)
\scr@dte@tocline@numberwidth=\skip47
\scr@dte@tocline@numbox=\box50
)
Package tocbasic Info: babel extension for `toc' omitted
(tocbasic)             because of missing \bbl@set@language on input line 135.
Package scrartcl Info: You've used standard option `10pt'.
(scrartcl)             This is correct!
(scrartcl)             Internally I'm using `fontsize=10pt'.
(scrartcl)             If you'd like to set the option with \KOMAoptions,
(scrartcl)             you'd have to use `fontsize=10pt' there
(scrartcl)             instead of `10pt', too.
Class scrartcl Info: File `scrsize10pt.clo' used to setup font sizes on input l
ine 2241.

(C:\Users\selin\AppData\Local\Programs\MiKTeX\tex/latex/koma-script\scrsize10pt
.clo
File: scrsize10pt.clo 2021/06/25 v3.34 KOMA-Script font size class option (10pt
)
)
(C:\Users\selin\AppData\Local\Programs\MiKTeX\tex/latex/koma-script\typearea.st
y
Package: typearea 2021/06/25 v3.34 KOMA-Script package (type area)
\ta@bcor=\skip48
\ta@div=\count182
Package typearea Info: You've used standard option `a4paper'.
(typearea)             This is correct!
(typearea)             Internally I'm using `paper=a4'.
(typearea)             If you'd like to set the option with \KOMAoptions,
(typearea)             you'd have to use `paper=a4' there
(typearea)             instead of `a4paper', too.
\ta@hblk=\skip49
\ta@vblk=\skip50
\ta@temp=\skip51
\footheight=\skip52
Package typearea Info: Maybe no optimal type area settings!
(typearea)             The detected line width is about 41%
(typearea)             smaller than the heuristically estimated maximum
(typearea)             limit of typographical good line width.
(typearea)             You could e.g. increase DIV
(typearea)             or change the papersize.
Package typearea Info: These are the values describing the layout:
(typearea)             DIV  = 8
(typearea)             BCOR = 0.0pt
(typearea)             \paperwidth      = 597.50793pt
(typearea)              \textwidth      = 373.44246pt
(typearea)              DIV departure   = 41%
(typearea)              \evensidemargin = 39.76274pt
(typearea)              \oddsidemargin  = 39.76274pt
(typearea)             \paperheight     = 845.04694pt
(typearea)              \textheight     = 538.0pt
(typearea)              \topmargin      = 0.36087pt
(typearea)              \headheight     = 15.0pt
(typearea)              \headsep        = 18.0pt
(typearea)              \topskip        = 10.0pt
(typearea)              \footskip       = 42.0pt
(typearea)              \baselineskip   = 12.0pt
(typearea)              on input line 1742.
)
\c@part=\count183
\c@section=\count184
\c@subsection=\count185
\c@subsubsection=\count186
\c@paragraph=\count187
\c@subparagraph=\count188
\scr@dte@section@maxnumwidth=\skip53
Class scrartcl Info: using compatibility default `runin=bysign'
(scrartcl)           for `\section on input line 4851.
Class scrartcl Info: using compatibility default `afterindent=bysign'
(scrartcl)           for `\section on input line 4851.
\scr@dte@part@maxnumwidth=\skip54
Class scrartcl Info: using compatibility default `afterindent=false'
(scrartcl)           for `\part on input line 4859.
\scr@dte@subsection@maxnumwidth=\skip55
Class scrartcl Info: using compatibility default `runin=bysign'
(scrartcl)           for `\subsection on input line 4869.
Class scrartcl Info: using compatibility default `afterindent=bysign'
(scrartcl)           for `\subsection on input line 4869.
\scr@dte@subsubsection@maxnumwidth=\skip56
Class scrartcl Info: using compatibility default `runin=bysign'
(scrartcl)           for `\subsubsection on input line 4879.
Class scrartcl Info: using compatibility default `afterindent=bysign'
(scrartcl)           for `\subsubsection on input line 4879.
\scr@dte@paragraph@maxnumwidth=\skip57
Class scrartcl Info: using compatibility default `runin=bysign'
(scrartcl)           for `\paragraph on input line 4890.
Class scrartcl Info: using compatibility default `afterindent=bysign'
(scrartcl)           for `\paragraph on input line 4890.
\scr@dte@subparagraph@maxnumwidth=\skip58
Class scrartcl Info: using compatibility default `runin=bysign'
(scrartcl)           for `\subparagraph on input line 4900.
Class scrartcl Info: using compatibility default `afterindent=bysign'
(scrartcl)           for `\subparagraph on input line 4900.
\abovecaptionskip=\skip59
\belowcaptionskip=\skip60
\c@pti@nb@sid@b@x=\box51
Package tocbasic Info: babel extension for `lof' omitted
(tocbasic)             because of missing \bbl@set@language on input line 6075.

\scr@dte@figure@maxnumwidth=\skip61
\c@figure=\count189
Package tocbasic Info: babel extension for `lot' omitted
(tocbasic)             because of missing \bbl@set@language on input line 6087.

\scr@dte@table@maxnumwidth=\skip62
\c@table=\count190
Class scrartcl Info: Redefining `\numberline' on input line 6251.
\bibindent=\dimen138
) (C:\Users\selin\AppData\Local\Programs\MiKTeX\tex/generic/german\german.sty v
2.5e 1998-07-08
Package: german 1998/07/08 v2.5e Support for writing german texts (br)
\grmnU@D=\dimen139
german -- \language number for Austrian undefined, default 26 used.
)
(C:\Users\selin\AppData\Local\Programs\MiKTeX\tex/latex/base\inputenc.sty
Package: inputenc 2021/02/14 v1.3d Input encoding file
\inpenc@prehook=\toks17
\inpenc@posthook=\toks18

(C:\Users\selin\AppData\Local\Programs\MiKTeX\tex/latex/base\latin1.def
File: latin1.def 2021/02/14 v1.3d Input encoding file
))
(C:\Users\selin\AppData\Local\Programs\MiKTeX\tex/latex/amsmath\amsmath.sty
Package: amsmath 2021/04/20 v2.17j AMS math features
\@mathmargin=\skip63

For additional information on amsmath, use the `?' option.
(C:\Users\selin\AppData\Local\Programs\MiKTeX\tex/latex/amsmath\amstext.sty
Package: amstext 2000/06/29 v2.01 AMS text

(C:\Users\selin\AppData\Local\Programs\MiKTeX\tex/latex/amsmath\amsgen.sty
File: amsgen.sty 1999/11/30 v2.0 generic functions
\@emptytoks=\toks19
\ex@=\dimen140
))
(C:\Users\selin\AppData\Local\Programs\MiKTeX\tex/latex/amsmath\amsbsy.sty
Package: amsbsy 1999/11/29 v1.2d Bold Symbols
\pmbraise@=\dimen141
)
(C:\Users\selin\AppData\Local\Programs\MiKTeX\tex/latex/amsmath\amsopn.sty
Package: amsopn 2016/03/08 v2.02 operator names
)
\inf@bad=\count191
LaTeX Info: Redefining \frac on input line 234.
\uproot@=\count192
\leftroot@=\count193
LaTeX Info: Redefining \overline on input line 399.
\classnum@=\count194
\DOTSCASE@=\count195
LaTeX Info: Redefining \ldots on input line 496.
LaTeX Info: Redefining \dots on input line 499.
LaTeX Info: Redefining \cdots on input line 620.
\Mathstrutbox@=\box52
\strutbox@=\box53
\big@size=\dimen142
LaTeX Font Info:    Redeclaring font encoding OML on input line 743.
LaTeX Font Info:    Redeclaring font encoding OMS on input line 744.
\macc@depth=\count196
\c@MaxMatrixCols=\count197
\dotsspace@=\muskip16
\c@parentequation=\count198
\dspbrk@lvl=\count199
\tag@help=\toks20
\row@=\count266
\column@=\count267
\maxfields@=\count268
\andhelp@=\toks21
\eqnshift@=\dimen143
\alignsep@=\dimen144
\tagshift@=\dimen145
\tagwidth@=\dimen146
\totwidth@=\dimen147
\lineht@=\dimen148
\@envbody=\toks22
\multlinegap=\skip64
\multlinetaggap=\skip65
\mathdisplay@stack=\toks23
LaTeX Info: Redefining \[ on input line 2923.
LaTeX Info: Redefining \] on input line 2924.
)
(C:\Users\selin\AppData\Local\Programs\MiKTeX\tex/latex/amsfonts\amsfonts.sty
Package: amsfonts 2013/01/14 v3.01 Basic AMSFonts support
\symAMSa=\mathgroup4
\symAMSb=\mathgroup5
LaTeX Font Info:    Redeclaring math symbol \hbar on input line 98.
LaTeX Font Info:    Overwriting math alphabet `\mathfrak' in version `bold'
(Font)                  U/euf/m/n --> U/euf/b/n on input line 106.
)
(C:\Users\selin\AppData\Local\Programs\MiKTeX\tex/latex/amsfonts\amssymb.sty
Package: amssymb 2013/01/14 v3.01 AMS font symbols
)
(C:\Users\selin\AppData\Local\Programs\MiKTeX\tex/latex/graphics\graphicx.sty
Package: graphicx 2020/12/05 v1.2c Enhanced LaTeX Graphics (DPC,SPQR)

(C:\Users\selin\AppData\Local\Programs\MiKTeX\tex/latex/graphics\graphics.sty
Package: graphics 2021/03/04 v1.4d Standard LaTeX Graphics (DPC,SPQR)

(C:\Users\selin\AppData\Local\Programs\MiKTeX\tex/latex/graphics\trig.sty
Package: trig 2016/01/03 v1.10 sin cos tan (DPC)
)
(C:\Users\selin\AppData\Local\Programs\MiKTeX\tex/latex/graphics-cfg\graphics.c
fg
File: graphics.cfg 2016/06/04 v1.11 sample graphics configuration
)
Package graphics Info: Driver file: pdftex.def on input line 107.

(C:\Users\selin\AppData\Local\Programs\MiKTeX\tex/latex/graphics-def\pdftex.def
File: pdftex.def 2020/10/05 v1.2a Graphics/color driver for pdftex
))
\Gin@req@height=\dimen149
\Gin@req@width=\dimen150
) (C:\Users\selin\AppData\Local\Programs\MiKTeX\tex/latex/base\fontenc.sty
Package: fontenc 2021/04/29 v2.0v Standard LaTeX package
)
(C:\Users\selin\AppData\Local\Programs\MiKTeX\tex/latex/ae\ae.sty
Package: ae 2001/02/12 1.3 Almost European Computer Modern

(C:\Users\selin\AppData\Local\Programs\MiKTeX\tex/latex/base\fontenc.sty
Package: fontenc 2021/04/29 v2.0v Standard LaTeX package
))
(C:\Users\selin\AppData\Local\Programs\MiKTeX\tex/latex/koma-script\scrlayer-sc
rpage.sty
Package: scrlayer-scrpage 2021/06/25 v3.34 KOMA-Script package (end user interf
ace for scrlayer)

(C:\Users\selin\AppData\Local\Programs\MiKTeX\tex/latex/koma-script\scrlayer.st
y
Package: scrlayer 2021/06/25 v3.34 KOMA-Script package (defining layers and pag
e styles)
Package scrlayer Info: Using already defined \footheight
(scrlayer)             hoping, that this is a length and
(scrlayer)             not only a macro on input line 136.
Package scrlayer Info: patching LaTeX kernel macro \pagestyle on input line 216
2.
)
Package scrlayer-scrpage Info: Makeing stand-alone element `pagehead' from
(scrlayer-scrpage)             alias to `pageheadfoot' on input line 1085.
Package scrlayer-scrpage Info: deactivating warning for font element
(scrlayer-scrpage)             `pagefoot' on input line 1109.
)
Package scrlayer-scrpage Info: auto-selection of `pagestyleset=KOMA-Script'.

(C:\Users\selin\AppData\Local\Programs\MiKTeX\tex/latex/lastpage\lastpage.sty
Package: lastpage 2015/03/29 v1.2m Refers to last page's name (HMM; JPG)
)
(C:\Users\selin\AppData\Local\Programs\MiKTeX\tex/latex/caption\caption.sty
Package: caption 2020/10/26 v3.5g Customizing captions (AR)

(C:\Users\selin\AppData\Local\Programs\MiKTeX\tex/latex/caption\caption3.sty
Package: caption3 2020/10/21 v2.2e caption3 kernel (AR)
\captionmargin=\dimen151
\captionmargin@=\dimen152
\captionwidth=\dimen153
\caption@tempdima=\dimen154
\caption@indent=\dimen155
\caption@parindent=\dimen156
\caption@hangindent=\dimen157
Package caption Info: KOMA-Script document class detected.

(C:\Users\selin\AppData\Local\Programs\MiKTeX\tex/latex/caption\caption-koma.st
o
File: caption-koma.sto 2020/09/21 v2.0b Adaption of the caption package to the 
KOMA-Script document classes (AR)
))
\c@caption@flags=\count269
\c@continuedfloat=\count270
)
LaTeX Font Info:    Trying to load font information for T1+aer on input line 18
.
 (C:\Users\selin\AppData\Local\Programs\MiKTeX\tex/latex/ae\t1aer.fd
File: t1aer.fd 1997/11/16 Font definitions for T1/aer.
)
Package typearea Info: Maybe no optimal type area settings!
(typearea)             The detected line width is about 26%
(typearea)             smaller than the heuristically estimated maximum
(typearea)             limit of typographical good line width.
(typearea)             You could e.g. increase DIV
(typearea)             or change the papersize.
Package typearea Info: These are the values describing the layout:
(typearea)             DIV  = 16
(typearea)             BCOR = 0.0pt
(typearea)             \paperwidth      = 597.50793pt
(typearea)              \textwidth      = 485.47522pt
(typearea)              DIV departure   = 26%
(typearea)              \evensidemargin = -16.25363pt
(typearea)              \oddsidemargin  = -16.25363pt
(typearea)             \paperheight     = 845.04694pt
(typearea)              \textheight     = 694.0pt
(typearea)              \topmargin      = -52.45456pt
(typearea)              \headheight     = 15.0pt
(typearea)              \headsep        = 18.0pt
(typearea)              \topskip        = 10.0pt
(typearea)              \footskip       = 42.0pt
(typearea)              \baselineskip   = 12.0pt
(typearea)              on input line 18.

(C:\Users\selin\AppData\Local\Programs\MiKTeX\tex/latex/l3backend\l3backend-pdf
tex.def
File: l3backend-pdftex.def 2021-05-07 L3 backend support: PDF output (pdfTeX)
\l__color_backend_stack_int=\count271
\l__pdf_internal_box=\box54
) (LaTeX-Versuch 42 Mikrowellen.aux)
\openout1 = `"LaTeX-Versuch 42 Mikrowellen.aux"'.

LaTeX Font Info:    Checking defaults for OML/cmm/m/it on input line 23.
LaTeX Font Info:    ... okay on input line 23.
LaTeX Font Info:    Checking defaults for OMS/cmsy/m/n on input line 23.
LaTeX Font Info:    ... okay on input line 23.
LaTeX Font Info:    Checking defaults for OT1/cmr/m/n on input line 23.
LaTeX Font Info:    ... okay on input line 23.
LaTeX Font Info:    Checking defaults for T1/cmr/m/n on input line 23.
LaTeX Font Info:    ... okay on input line 23.
LaTeX Font Info:    Checking defaults for TS1/cmr/m/n on input line 23.
LaTeX Font Info:    ... okay on input line 23.
LaTeX Font Info:    Checking defaults for OMX/cmex/m/n on input line 23.
LaTeX Font Info:    ... okay on input line 23.
LaTeX Font Info:    Checking defaults for U/cmr/m/n on input line 23.
LaTeX Font Info:    ... okay on input line 23.

(C:\Users\selin\AppData\Local\Programs\MiKTeX\tex/context/base/mkii\supp-pdf.mk
ii
[Loading MPS to PDF converter (version 2006.09.02).]
\scratchcounter=\count272
\scratchdimen=\dimen158
\scratchbox=\box55
\nofMPsegments=\count273
\nofMParguments=\count274
\everyMPshowfont=\toks24
\MPscratchCnt=\count275
\MPscratchDim=\dimen159
\MPnumerator=\count276
\makeMPintoPDFobject=\count277
\everyMPtoPDFconversion=\toks25
)
(C:\Users\selin\AppData\Local\Programs\MiKTeX\tex/latex/epstopdf-pkg\epstopdf-b
ase.sty
Package: epstopdf-base 2020-01-24 v2.11 Base part for package epstopdf
Package epstopdf-base Info: Redefining graphics rule for `.eps' on input line 4
85.

(C:\Users\selin\AppData\Local\Programs\MiKTeX\tex/latex/00miktex\epstopdf-sys.c
fg
File: epstopdf-sys.cfg 2021/03/18 v2.0 Configuration of epstopdf for MiKTeX
))
Package lastpage Info: Please have a look at the pageslts package at
(lastpage)             https://www.ctan.org/pkg/pageslts
(lastpage)             ! on input line 23.
Package caption Info: Begin \AtBeginDocument code.
Package caption Info: End \AtBeginDocument code.
LaTeX Font Info:    Trying to load font information for U+msa on input line 47.

 (C:\Users\selin\AppData\Local\Programs\MiKTeX\tex/latex/amsfonts\umsa.fd
File: umsa.fd 2013/01/14 v3.01 AMS symbols A
)
LaTeX Font Info:    Trying to load font information for U+msb on input line 47.


(C:\Users\selin\AppData\Local\Programs\MiKTeX\tex/latex/amsfonts\umsb.fd
File: umsb.fd 2013/01/14 v3.01 AMS symbols B
)
LaTeX Font Info:    Trying to load font information for T1+aess on input line 4
7.

(C:\Users\selin\AppData\Local\Programs\MiKTeX\tex/latex/ae\t1aess.fd
File: t1aess.fd 1997/11/16 Font definitions for T1/aess.
)
LaTeX Font Info:    Font shape `T1/aess/b/n' in size <10> not available
(Font)              Font shape `T1/aess/bx/n' tried instead on input line 47.
LaTeX Font Info:    Font shape `T1/aess/b/n' in size <20.74> not available
(Font)              Font shape `T1/aess/bx/n' tried instead on input line 47.
LaTeX Font Info:    Trying to load font information for TS1+aer on input line 4
7.
LaTeX Font Info:    No file TS1aer.fd. on input line 47.


LaTeX Font Warning: Font shape `TS1/aer/m/n' undefined
(Font)              using `TS1/cmr/m/n' instead
(Font)              for symbol `textdegree' on input line 47.


Underfull \hbox (badness 10000) in paragraph at lines 47--47

 []


Underfull \hbox (badness 10000) in paragraph at lines 47--47

 []


Underfull \hbox (badness 10000) in paragraph at lines 47--47

 []


Underfull \hbox (badness 10000) in paragraph at lines 47--47

 []

LaTeX Font Info:    Font shape `T1/aess/b/n' in size <14.4> not available
(Font)              Font shape `T1/aess/bx/n' tried instead on input line 49.
<Winkelabhaengigkeit Plot.jpg, id=1, 702.7053pt x 465.1779pt>
File: Winkelabhaengigkeit Plot.jpg Graphic file (type jpg)
<use Winkelabhaengigkeit Plot.jpg>
Package pdftex.def Info: Winkelabhaengigkeit Plot.jpg  used on input line 56.
(pdftex.def)             Requested size: 213.96239pt x 141.63417pt.

Underfull \hbox (badness 2005) in paragraph at lines 57--57
[][]|\T1/aer/m/n/9 Die Raum-win-kel-ver-tei-lung der aus-ge-sen-de-
 []


Underfull \hbox (badness 1975) in paragraph at lines 53--62
\T1/aer/m/n/10 auf-ge-baut ist. Ab-wei-chung die-ser Sym-me-trie sind
 []


Underfull \hbox (badness 10000) in paragraph at lines 53--62

 []

[1

{C:/Users/selin/AppData/Local/MiKTeX/pdftex/config/pdftex.map}



 <./Winkelabhaengigkeit Plot.jpg>]
<Brennweite Plot.jpg, id=20, 624.4128pt x 499.8675pt>
File: Brennweite Plot.jpg Graphic file (type jpg)
<use Brennweite Plot.jpg>
Package pdftex.def Info: Brennweite Plot.jpg  used on input line 73.
(pdftex.def)             Requested size: 213.96239pt x 171.27986pt.
LaTeX Font Info:    Font shape `T1/aess/b/n' in size <12> not available
(Font)              Font shape `T1/aess/bx/n' tried instead on input line 80.

Underfull \hbox (badness 10000) in paragraph at lines 85--90

 []

[2 <./Brennweite Plot.jpg>]
<42-4-Michelson2.png, id=25, 82.5484pt x 66.3278pt>
File: 42-4-Michelson2.png Graphic file (type png)
<use 42-4-Michelson2.png>
Package pdftex.def Info: 42-4-Michelson2.png  used on input line 99.
(pdftex.def)             Requested size: 213.96239pt x 171.92189pt.

Underfull \hbox (badness 1024) in paragraph at lines 100--100
[][]|\T1/aer/m/n/9 Ver-suchsauf-bau 1: Das Michelson-Inter-fe-ro-
 []


Overfull \hbox (7.82922pt too wide) in alignment at lines 113--121
[] [] []
 []


Underfull \hbox (badness 1389) in paragraph at lines 122--122
[][]|\T1/aer/m/n/9 Auf-li-stung al-ler er-mit-tel-ter Wel-len-län-gen
 []

<42-5-Tunnel.png, id=26, 879.88725pt x 406.51875pt>
File: 42-5-Tunnel.png Graphic file (type png)
<use 42-5-Tunnel.png>
Package pdftex.def Info: 42-5-Tunnel.png  used on input line 130.
(pdftex.def)             Requested size: 213.96239pt x 98.8505pt.
<Tunneleffekt Plot.jpg, id=27, 614.5359pt x 504.9264pt>
File: Tunneleffekt Plot.jpg Graphic file (type jpg)
<use Tunneleffekt Plot.jpg>
Package pdftex.def Info: Tunneleffekt Plot.jpg  used on input line 145.
(pdftex.def)             Requested size: 213.96239pt x 175.79463pt.

Underfull \hbox (badness 10000) in paragraph at lines 138--149

 []


Underfull \hbox (badness 1052) in paragraph at lines 138--149
\T1/aer/m/n/10 Beim Über-gang von ei-nem op-tisch dich-ten zu ei-
 []


Underfull \hbox (badness 1502) in paragraph at lines 138--149
\T1/aer/m/n/10 wä-re. Hier fin-det al-so kei-ne Trans-mis-si-on in das
 []


Underfull \hbox (badness 3158) in paragraph at lines 138--149
\T1/aer/m/n/10 In-ten-si-tät bei-der Po-si-tio-nen in Ab-hän-gig-keit des
 []


Underfull \hbox (badness 1661) in paragraph at lines 138--149
\T1/aer/m/n/10 Ab-stand zwi-schen den Pris-men ab-nimmt. Hier-bei
 []

[3 <./42-4-Michelson2.png> <./42-5-Tunnel.png>]
Underfull \hbox (badness 10000) in paragraph at lines 149--151

 []


Underfull \hbox (badness 2409) in paragraph at lines 149--151
\T1/aer/m/n/10 Im Ge-gen-satz da-zu nimmt die ge-mes-se-ne In-ten-
 []


Underfull \hbox (badness 5119) in paragraph at lines 149--151
\T1/aer/m/n/10 si-tät der re-flek-tier-ten Mi-kro-wel-len (oran-ge) mit
 []

<Polarisationsfilter.png, id=31, 1927.2pt x 988.69376pt>
File: Polarisationsfilter.png Graphic file (type png)
<use Polarisationsfilter.png>
Package pdftex.def Info: Polarisationsfilter.png  used on input line 155.
(pdftex.def)             Requested size: 213.96239pt x 109.76743pt.
<Polarisation Plot.jpg, id=32, 649.9482pt x 512.3943pt>
File: Polarisation Plot.jpg Graphic file (type jpg)
<use Polarisation Plot.jpg>
Package pdftex.def Info: Polarisation Plot.jpg  used on input line 163.
(pdftex.def)             Requested size: 213.96239pt x 168.67625pt.
[4 <./Tunneleffekt Plot.jpg> <./Polarisationsfilter.png> <./Polarisation Plot.j
pg>]
<42-7-Miller.png, id=38, 706.64pt x 244.915pt>
File: 42-7-Miller.png Graphic file (type png)
<use 42-7-Miller.png>
Package pdftex.def Info: 42-7-Miller.png  used on input line 185.
(pdftex.def)             Requested size: 213.96239pt x 74.15521pt.
<42-7-Gitterkonstante.png, id=39, 563.10374pt x 489.027pt>
File: 42-7-Gitterkonstante.png Graphic file (type png)
<use 42-7-Gitterkonstante.png>
Package pdftex.def Info: 42-7-Gitterkonstante.png  used on input line 192.
(pdftex.def)             Requested size: 213.96239pt x 185.81726pt.
<Festkoerper Plot.jpg, id=41, 625.1355pt x 504.9264pt>
File: Festkoerper Plot.jpg Graphic file (type jpg)
<use Festkoerper Plot.jpg>
Package pdftex.def Info: Festkoerper Plot.jpg  used on input line 200.
(pdftex.def)             Requested size: 213.96239pt x 172.82068pt.
 [5 <./42-7-Miller.png> <./42-7-Gitterkonstante.png>]
<waveguides.png, id=49, 803.0pt x 1142.2675pt>
File: waveguides.png Graphic file (type png)
<use waveguides.png>
Package pdftex.def Info: waveguides.png  used on input line 228.
(pdftex.def)             Requested size: 213.96239pt x 304.35526pt.

Underfull \vbox (badness 6380) has occurred while \output is active []

 [6 <./Festkoerper Plot.jpg> <./waveguides.png>]
Underfull \hbox (badness 10000) in paragraph at lines 243--244
[]\T1/aer/m/n/10 Tarek A. Al-Saeed and Diaa A. Kha-
 []


Underfull \hbox (badness 10000) in paragraph at lines 243--244
\T1/aer/m/n/10 lil, Dif-frac-ti-on ef-fects in op-ti-cal mi-cro-
 []


Underfull \hbox (badness 10000) in paragraph at lines 243--244
\T1/aer/m/n/10 elec-tro-me-cha-ni-cal sy-stem Mi-chel-son in-ter-
 []


Underfull \hbox (badness 10000) in paragraph at lines 243--244
\T1/aer/m/n/10 fe-ro-me-ters,Appl. Opt. 49,3960-3966 (2010),
 []


Overfull \hbox (2.19969pt too wide) in paragraph at lines 243--244
\T1/aer/m/n/10 https://osapublishing.org/ao/abstract.cfm?URI=ao-
 []


Underfull \hbox (badness 10000) in paragraph at lines 245--246
[]\T1/aer/m/n/10 The Mil-ler In-dex No-ta-ti-on, Ab-
 []


Underfull \hbox (badness 10000) in paragraph at lines 245--246
\T1/aer/m/n/10 ge-ru-fen am: 05.09.2021, htt-
 []


Overfull \hbox (26.86899pt too wide) in paragraph at lines 245--246
\T1/aer/m/n/10 ps://www.iue.tuwien.ac.at/phd/ungersboeck/node24.html 
 []


AED: lastpage setting LastPage
[7] (LaTeX-Versuch 42 Mikrowellen.aux)

LaTeX Font Warning: Some font shapes were not available, defaults substituted.

 ) 
Here is how much of TeX's memory you used:
 8580 strings out of 478864
 185648 string characters out of 2848660
 631465 words of memory out of 3000000
 26392 multiletter control sequences out of 15000+600000
 440531 words of font info for 96 fonts, out of 8000000 for 9000
 1141 hyphenation exceptions out of 8191
 108i,20n,108p,10627b,484s stack positions out of 5000i,500n,10000p,200000b,80000s
 <C:\Users\selin\AppData\Local\MiKTeX\fonts/pk/ljfour/jknappen/ec/dpi600\tcrm
0900.pk> <C:\Users\selin\AppData\Local\MiKTeX\fonts/pk/ljfour/jknappen/ec/dpi60
0\tcrm1000.pk><C:/Users/selin/AppData/Local/Programs/MiKTeX/fonts/type1/public/
amsfonts/cm/cmb10.pfb><C:/Users/selin/AppData/Local/Programs/MiKTeX/fonts/type1
/public/amsfonts/cm/cmex10.pfb><C:/Users/selin/AppData/Local/Programs/MiKTeX/fo
nts/type1/public/amsfonts/cm/cmmi10.pfb><C:/Users/selin/AppData/Local/Programs/
MiKTeX/fonts/type1/public/amsfonts/cm/cmmi7.pfb><C:/Users/selin/AppData/Local/P
rograms/MiKTeX/fonts/type1/public/amsfonts/cm/cmmi9.pfb><C:/Users/selin/AppData
/Local/Programs/MiKTeX/fonts/type1/public/amsfonts/cm/cmr10.pfb><C:/Users/selin
/AppData/Local/Programs/MiKTeX/fonts/type1/public/amsfonts/cm/cmr12.pfb><C:/Use
rs/selin/AppData/Local/Programs/MiKTeX/fonts/type1/public/amsfonts/cm/cmr6.pfb>
<C:/Users/selin/AppData/Local/Programs/MiKTeX/fonts/type1/public/amsfonts/cm/cm
r7.pfb><C:/Users/selin/AppData/Local/Programs/MiKTeX/fonts/type1/public/amsfont
s/cm/cmr9.pfb><C:/Users/selin/AppData/Local/Programs/MiKTeX/fonts/type1/public/
amsfonts/cm/cmsl10.pfb><C:/Users/selin/AppData/Local/Programs/MiKTeX/fonts/type
1/public/amsfonts/cm/cmssbx10.pfb><C:/Users/selin/AppData/Local/Programs/MiKTeX
/fonts/type1/public/amsfonts/cm/cmsy10.pfb><C:/Users/selin/AppData/Local/Progra
ms/MiKTeX/fonts/type1/public/amsfonts/cm/cmsy7.pfb><C:/Users/selin/AppData/Loca
l/Programs/MiKTeX/fonts/type1/public/amsfonts/cm/cmsy9.pfb><C:/Users/selin/AppD
ata/Local/Programs/MiKTeX/fonts/type1/public/amsfonts/cm/cmti10.pfb><C:/Users/s
elin/AppData/Local/Programs/MiKTeX/fonts/type1/public/amsfonts/cm/cmti9.pfb>
Output written on "LaTeX-Versuch 42 Mikrowellen.pdf" (7 pages, 2810132 bytes).
PDF statistics:
 135 PDF objects out of 1000 (max. 8388607)
 0 named destinations out of 1000 (max. 500000)
 56 words of extra memory for PDF output out of 10000 (max. 10000000)

